2013-04-29 06:59:09.966+0000: WARNING! Deprecated configuration options used. See manual for details
2013-04-29 06:59:09.979+0000: cannot configure writers and searchers individually since they go together
2013-04-29 06:59:09.980+0000: WARNING! You are using an unsupported Java runtime. Please use JDK 6.
2013-04-29 06:59:10.042+0000: Creating new db @ /home/itwenty/Projects/Eclipse/buganalyzer/target/neo4j-db-ReadXMLFileNull/neostore
2013-04-29 06:59:10.247+0000: [/home/itwenty/Projects/Eclipse/buganalyzer/target/neo4j-db-ReadXMLFileNull/neostore.nodestore.db] brickCount=0 brickSize=891288b mappedMem=89128960b (storeSize=0b)
2013-04-29 06:59:10.298+0000: /home/itwenty/Projects/Eclipse/buganalyzer/target/neo4j-db-ReadXMLFileNull/neostore.nodestore.db hit=1 miss=0 switches=0 ooe=0
2013-04-29 06:59:11.101+0000: [/home/itwenty/Projects/Eclipse/buganalyzer/target/neo4j-db-ReadXMLFileNull/neostore.relationshiptypestore.db.names] brickCount=0 brickSize=0b mappedMem=0b (storeSize=38b)
2013-04-29 06:59:11.108+0000: [/home/itwenty/Projects/Eclipse/buganalyzer/target/neo4j-db-ReadXMLFileNull/neostore.relationshiptypestore.db] brickCount=0 brickSize=0b mappedMem=0b (storeSize=0b)
2013-04-29 06:59:11.141+0000: /home/itwenty/Projects/Eclipse/buganalyzer/target/neo4j-db-ReadXMLFileNull/neostore.relationshiptypestore.db.names hit=0 miss=0 switches=0 ooe=0
2013-04-29 06:59:11.197+0000: /home/itwenty/Projects/Eclipse/buganalyzer/target/neo4j-db-ReadXMLFileNull/neostore.relationshiptypestore.db hit=0 miss=0 switches=0 ooe=0
2013-04-29 06:59:11.254+0000: [/home/itwenty/Projects/Eclipse/buganalyzer/target/neo4j-db-ReadXMLFileNull/neostore.relationshiptypestore.db.names] brickCount=0 brickSize=0b mappedMem=0b (storeSize=38b)
2013-04-29 06:59:11.255+0000: [/home/itwenty/Projects/Eclipse/buganalyzer/target/neo4j-db-ReadXMLFileNull/neostore.relationshiptypestore.db] brickCount=0 brickSize=0b mappedMem=0b (storeSize=0b)
2013-04-29 06:59:11.255+0000: [/home/itwenty/Projects/Eclipse/buganalyzer/target/neo4j-db-ReadXMLFileNull/neostore.propertystore.db.strings] brickCount=0 brickSize=275712b mappedMem=275775488b (storeSize=128b)
2013-04-29 06:59:11.256+0000: [/home/itwenty/Projects/Eclipse/buganalyzer/target/neo4j-db-ReadXMLFileNull/neostore.propertystore.db.index.keys] brickCount=0 brickSize=1026b mappedMem=1048576b (storeSize=38b)
2013-04-29 06:59:11.260+0000: [/home/itwenty/Projects/Eclipse/buganalyzer/target/neo4j-db-ReadXMLFileNull/neostore.propertystore.db.index] brickCount=0 brickSize=10485b mappedMem=1048576b (storeSize=0b)
2013-04-29 06:59:11.262+0000: [/home/itwenty/Projects/Eclipse/buganalyzer/target/neo4j-db-ReadXMLFileNull/neostore.propertystore.db.arrays] brickCount=0 brickSize=312448b mappedMem=312475648b (storeSize=128b)
2013-04-29 06:59:11.264+0000: [/home/itwenty/Projects/Eclipse/buganalyzer/target/neo4j-db-ReadXMLFileNull/neostore.propertystore.db] brickCount=0 brickSize=3240066b mappedMem=324009984b (storeSize=0b)
2013-04-29 06:59:11.266+0000: [/home/itwenty/Projects/Eclipse/buganalyzer/target/neo4j-db-ReadXMLFileNull/neostore.relationshipstore.db] brickCount=0 brickSize=3963597b mappedMem=396361728b (storeSize=0b)
2013-04-29 06:59:11.267+0000: [/home/itwenty/Projects/Eclipse/buganalyzer/target/neo4j-db-ReadXMLFileNull/neostore.nodestore.db] brickCount=0 brickSize=89127b mappedMem=89128960b (storeSize=9b)
2013-04-29 06:59:11.267+0000: [/home/itwenty/Projects/Eclipse/buganalyzer/target/neo4j-db-ReadXMLFileNull/neostore] brickCount=0 brickSize=0b mappedMem=0b (storeSize=0b)
2013-04-29 06:59:11.331+0000: /home/itwenty/Projects/Eclipse/buganalyzer/target/neo4j-db-ReadXMLFileNull/neostore.relationshiptypestore.db.names hit=0 miss=0 switches=0 ooe=0
2013-04-29 06:59:11.387+0000: /home/itwenty/Projects/Eclipse/buganalyzer/target/neo4j-db-ReadXMLFileNull/neostore.relationshiptypestore.db hit=0 miss=0 switches=0 ooe=0
2013-04-29 06:59:11.454+0000: /home/itwenty/Projects/Eclipse/buganalyzer/target/neo4j-db-ReadXMLFileNull/neostore.propertystore.db.strings hit=0 miss=0 switches=0 ooe=0
2013-04-29 06:59:11.521+0000: /home/itwenty/Projects/Eclipse/buganalyzer/target/neo4j-db-ReadXMLFileNull/neostore.propertystore.db.index.keys hit=0 miss=0 switches=0 ooe=0
2013-04-29 06:59:11.577+0000: /home/itwenty/Projects/Eclipse/buganalyzer/target/neo4j-db-ReadXMLFileNull/neostore.propertystore.db.index hit=0 miss=0 switches=0 ooe=0
2013-04-29 06:59:11.654+0000: /home/itwenty/Projects/Eclipse/buganalyzer/target/neo4j-db-ReadXMLFileNull/neostore.propertystore.db.arrays hit=0 miss=0 switches=0 ooe=0
2013-04-29 06:59:11.711+0000: /home/itwenty/Projects/Eclipse/buganalyzer/target/neo4j-db-ReadXMLFileNull/neostore.propertystore.db hit=0 miss=0 switches=0 ooe=0
2013-04-29 06:59:11.767+0000: /home/itwenty/Projects/Eclipse/buganalyzer/target/neo4j-db-ReadXMLFileNull/neostore.relationshipstore.db hit=0 miss=0 switches=0 ooe=0
2013-04-29 06:59:11.846+0000: /home/itwenty/Projects/Eclipse/buganalyzer/target/neo4j-db-ReadXMLFileNull/neostore.nodestore.db hit=0 miss=0 switches=0 ooe=0
2013-04-29 06:59:11.956+0000: /home/itwenty/Projects/Eclipse/buganalyzer/target/neo4j-db-ReadXMLFileNull/neostore hit=0 miss=8 switches=0 ooe=0
2013-04-29 06:59:12.026+0000: [/home/itwenty/Projects/Eclipse/buganalyzer/target/neo4j-db-ReadXMLFileNull/neostore.relationshiptypestore.db.names] brickCount=0 brickSize=0b mappedMem=0b (storeSize=38b)
2013-04-29 06:59:12.027+0000: [/home/itwenty/Projects/Eclipse/buganalyzer/target/neo4j-db-ReadXMLFileNull/neostore.relationshiptypestore.db] brickCount=0 brickSize=0b mappedMem=0b (storeSize=0b)
2013-04-29 06:59:12.028+0000: [/home/itwenty/Projects/Eclipse/buganalyzer/target/neo4j-db-ReadXMLFileNull/neostore.propertystore.db.strings] brickCount=0 brickSize=275712b mappedMem=275775488b (storeSize=128b)
2013-04-29 06:59:12.028+0000: [/home/itwenty/Projects/Eclipse/buganalyzer/target/neo4j-db-ReadXMLFileNull/neostore.propertystore.db.index.keys] brickCount=0 brickSize=1026b mappedMem=1048576b (storeSize=38b)
2013-04-29 06:59:12.029+0000: [/home/itwenty/Projects/Eclipse/buganalyzer/target/neo4j-db-ReadXMLFileNull/neostore.propertystore.db.index] brickCount=0 brickSize=10485b mappedMem=1048576b (storeSize=0b)
2013-04-29 06:59:12.030+0000: [/home/itwenty/Projects/Eclipse/buganalyzer/target/neo4j-db-ReadXMLFileNull/neostore.propertystore.db.arrays] brickCount=0 brickSize=312448b mappedMem=312475648b (storeSize=128b)
2013-04-29 06:59:12.030+0000: [/home/itwenty/Projects/Eclipse/buganalyzer/target/neo4j-db-ReadXMLFileNull/neostore.propertystore.db] brickCount=0 brickSize=3240066b mappedMem=324009984b (storeSize=0b)
2013-04-29 06:59:12.031+0000: [/home/itwenty/Projects/Eclipse/buganalyzer/target/neo4j-db-ReadXMLFileNull/neostore.relationshipstore.db] brickCount=0 brickSize=3963597b mappedMem=396361728b (storeSize=0b)
2013-04-29 06:59:12.031+0000: [/home/itwenty/Projects/Eclipse/buganalyzer/target/neo4j-db-ReadXMLFileNull/neostore.nodestore.db] brickCount=0 brickSize=89127b mappedMem=89128960b (storeSize=9b)
2013-04-29 06:59:12.032+0000: [/home/itwenty/Projects/Eclipse/buganalyzer/target/neo4j-db-ReadXMLFileNull/neostore] brickCount=0 brickSize=0b mappedMem=0b (storeSize=54b)
2013-04-29 06:59:12.050+0000: Opened logical log [/home/itwenty/Projects/Eclipse/buganalyzer/target/neo4j-db-ReadXMLFileNull/nioneo_logical.log.1] version=0, lastTxId=1 (clean)
2013-04-29 06:59:12.103+0000: TM new log: tm_tx_log.1
2013-04-29 06:59:12.176+0000: Opened logical log [/home/itwenty/Projects/Eclipse/buganalyzer/target/neo4j-db-ReadXMLFileNull/index/lucene.log.1] version=0, lastTxId=1 (clean)
2013-04-29 06:59:12.220+0000: --- STARTUP diagnostics START ---
2013-04-29 06:59:12.222+0000: Neo4j Kernel properties:
    forced_kernel_id=
    read_only=false
    neo4j.ext.udc.host=udc.neo4j.org
    logical_log=nioneo_logical.log
    node_auto_indexing=false
    intercept_committing_transactions=false
    remote_shell_name=shell
    cache_type=soft
    intercept_deserialized_transactions=false
    lucene_searcher_cache_size=2147483647
    neo4j.ext.udc.interval=86400000
    use_memory_mapped_buffers=true
    rebuild_idgenerators_fast=true
    neostore.propertystore.db.index.keys.mapped_memory=1M
    neostore.propertystore.db.arrays.mapped_memory=298M
    neostore.propertystore.db.strings.mapped_memory=263M
    log_mapped_memory_stats_filename=mapped_memory_stats.log
    log_mapped_memory_stats_interval=1000000
    gcr_cache_min_log_interval=60s
    relationship_grab_size=100
    relationship_auto_indexing=false
    remote_shell_read_only=false
    node_cache_array_fraction=1.0
    allow_store_upgrade=false
    execution_guard_enabled=false
    relationship_cache_array_fraction=1.0
    remote_logging_host=127.0.0.1
    store_dir=target/neo4j-db-ReadXMLFileNull
    online_backup_enabled=false
    remote_logging_port=4560
    gc_monitor_threshold=200ms
    array_block_size=120
    load_kernel_extensions=true
    neostore.relationshipstore.db.mapped_memory=378M
    keep_logical_logs=true
    dump_configuration=false
    gc_monitor_wait_time=100ms
    neostore.nodestore.db.mapped_memory=85M
    neo4j.ext.udc.first_delay=600000
    remote_shell_enabled=false
    neo4j.ext.udc.reg=unreg
    remote_shell_port=1337
    log_mapped_memory_stats=false
    neo_store=neostore
    mapped_memory_page_size=1M
    query_cache_size=100
    logging.threshold_for_rotation=104857600
    neostore.propertystore.db.index.mapped_memory=1M
    backup_slave=false
    neostore.propertystore.db.mapped_memory=309M
    string_block_size=120
    grab_file_lock=true
    remote_logging_enabled=false
    neo4j.ext.udc.enabled=true
    all_stores_total_mapped_memory_size=500M
    online_backup_port=6362
2013-04-29 06:59:12.226+0000: Diagnostics providers:
    org.neo4j.kernel.configuration.Config
    org.neo4j.kernel.info.DiagnosticsManager
    SYSTEM_MEMORY
    JAVA_MEMORY
    OPERATING_SYSTEM
    JAVA_VIRTUAL_MACHINE
    CLASSPATH
    LIBRARY_PATH
    SYSTEM_PROPERTIES
    LINUX_SCHEDULERS
    NETWORK
2013-04-29 06:59:12.227+0000: System memory information:
    Total Physical memory: 3.73 GB
    Free Physical memory: 1.97 GB
    Committed virtual memory: 2.73 GB
    Total swap space: 0.00 B
    Free swap space: 0.00 B
2013-04-29 06:59:12.232+0000: JVM memory information:
    Free  memory: 37.14 MB
    Total memory: 57.31 MB
    Max   memory: 849.81 MB
    Garbage Collector: PS Scavenge: [PS Eden Space, PS Survivor Space]
    Garbage Collector: PS MarkSweep: [PS Eden Space, PS Survivor Space, PS Old Gen, PS Perm Gen]
    Memory Pool: Code Cache (Non-heap memory): committed=2.44 MB, used=670.38 kB, max=48.00 MB, threshold=0.00 B
    Memory Pool: PS Eden Space (Heap memory): committed=15.00 MB, used=12.14 MB, max=313.75 MB, threshold=?
    Memory Pool: PS Survivor Space (Heap memory): committed=2.44 MB, used=2.43 MB, max=2.44 MB, threshold=?
    Memory Pool: PS Old Gen (Heap memory): committed=39.88 MB, used=5.59 MB, max=637.38 MB, threshold=0.00 B
    Memory Pool: PS Perm Gen (Non-heap memory): committed=20.75 MB, used=17.69 MB, max=166.00 MB, threshold=0.00 B
2013-04-29 06:59:12.237+0000: Operating system information:
    Operating System: Linux; version: 3.8.8-2-ARCH; arch: amd64; cpus: 4
    Max number of file descriptors: 4096
    Number of open file descriptors: 58
    Process id: 2853@leviathan-lin
    Byte order: LITTLE_ENDIAN
    Local timezone: UTC
2013-04-29 06:59:12.239+0000: JVM information:
    VM Name: OpenJDK 64-Bit Server VM
    VM Vendor: Oracle Corporation
    VM Version: 23.7-b01
    JIT compiler: HotSpot 64-Bit Tiered Compilers
    VM Arguments: [-Dfile.encoding=UTF-8]
2013-04-29 06:59:12.239+0000: Java classpath:
     [bootstrap] /usr/lib/jvm/java-7-openjdk/jre/lib/resources.jar
     [classpath + loader.0] file:/home/itwenty/Projects/neo4j-community-1.8.1/lib/neo4j-lucene-index-1.8.1.jar
     [classpath + loader.0] file:/home/itwenty/Downloads/neo4j-plugin/org-gephi-neo4j.jar
     [classpath + loader.0] file:/home/itwenty/Downloads/neo4j-plugin/org-gephi-neo4j-plugin.jar
     [bootstrap] /usr/lib/jvm/java-7-openjdk/jre/lib/plugin.jar
     [classpath + loader.0] file:/home/itwenty/Projects/neo4j-community-1.8.1/lib/neo4j-cypher-1.8.1.jar
     [classpath + loader.0] file:/home/itwenty/Projects/neo4j-community-1.8.1/lib/scala-library-2.9.1-1.jar
     [bootstrap] /usr/lib/jvm/java-7-openjdk/jre/lib/charsets.jar
     [loader.1] file:/usr/lib/jvm/java-7-openjdk/jre/lib/ext/zipfs.jar
     [loader.1] file:/usr/lib/jvm/java-7-openjdk/jre/lib/ext/sunpkcs11.jar
     [classpath + loader.0] file:/home/itwenty/Downloads/gephi-toolkit-0.8.1-all/gephi-toolkit.jar
     [classpath + loader.0] file:/home/itwenty/Projects/neo4j-community-1.8.1/lib/neo4j-jmx-1.8.1.jar
     [bootstrap] /usr/lib/jvm/java-7-openjdk/jre/lib/rt.jar
     [bootstrap] /usr/lib/jvm/java-7-openjdk/jre/classes
     [classpath + loader.0] file:/home/itwenty/Projects/neo4j-community-1.8.1/lib/neo4j-udc-1.8.1.jar
     [classpath + loader.0] file:/home/itwenty/Projects/neo4j-community-1.8.1/lib/org.apache.servicemix.bundles.jline-0.9.94_1.jar
     [bootstrap] /usr/lib/jvm/java-7-openjdk/jre/lib/jsse.jar
     [classpath + loader.0] file:/home/itwenty/Projects/neo4j-community-1.8.1/lib/neo4j-management-1.8.1.jar
     [classpath + loader.0] file:/home/itwenty/Projects/Eclipse/Calculator/src/
     [classpath + loader.0] file:/home/itwenty/Projects/neo4j-community-1.8.1/lib/neo4j-shell-1.8.1.jar
     [bootstrap] /usr/lib/jvm/java-7-openjdk/jre/lib/sunrsasign.jar
     [classpath + loader.0] file:/home/itwenty/Projects/neo4j-community-1.8.1/lib/neo4j-kernel-1.8.1.jar
     [loader.1] file:/usr/lib/jvm/java-7-openjdk/jre/lib/ext/dnsns.jar
     [bootstrap] /usr/lib/jvm/java-7-openjdk/jre/lib/jce.jar
     [classpath + loader.0] file:/home/itwenty/Downloads/neo4j-plugin/org-gephi-desktop-neo4j.jar
     [classpath + loader.0] file:/home/itwenty/Projects/neo4j-community-1.8.1/lib/neo4j-graph-algo-1.8.1.jar
     [classpath + loader.0] file:/home/itwenty/Projects/neo4j-community-1.8.1/lib/geronimo-jta_1.1_spec-1.1.1.jar
     [loader.1] file:/usr/lib/jvm/java-7-openjdk/jre/lib/ext/sunjce_provider.jar
     [loader.1] file:/usr/lib/jvm/java-7-openjdk/jre/lib/ext/pulse-java.jar
     [loader.1] file:/usr/lib/jvm/java-7-openjdk/jre/lib/ext/localedata.jar
     [classpath + loader.0] file:/home/itwenty/Projects/neo4j-community-1.8.1/lib/neo4j-graph-matching-1.8.1.jar
     [bootstrap] /usr/lib/jvm/java-7-openjdk/jre/lib/jfr.jar
     [bootstrap] /usr/lib/jvm/java-7-openjdk/jre/lib/netx.jar
     [classpath + loader.0] file:/home/itwenty/Projects/neo4j-community-1.8.1/lib/lucene-core-3.5.0.jar
     [bootstrap] /usr/lib/jvm/java-7-openjdk/jre/lib/rhino.jar
     [classpath + loader.0] file:/home/itwenty/Projects/Eclipse/buganalyzer/bin/
     [classpath + loader.0] file:/home/itwenty/Projects/neo4j-community-1.8.1/lib/server-api-1.8.1.jar
     [classpath + loader.0] file:/home/itwenty/Downloads/neo4j-plugin/org-gephi-lib-neo4j.jar
2013-04-29 06:59:12.242+0000: Library path:
    /usr/java/packages/lib/amd64
    /usr/lib
    /usr/lib
    /usr/lib
    /usr/lib
2013-04-29 06:59:12.242+0000: System.properties:
    sun.boot.library.path = /usr/lib/jvm/java-7-openjdk/jre/lib/amd64
    path.separator = :
    file.encoding.pkg = sun.io
    user.country = US
    sun.java.launcher = SUN_STANDARD
    sun.os.patch.level = unknown
    user.dir = /home/itwenty/Projects/Eclipse/buganalyzer
    sun.jnu.encoding = UTF-8
    sun.awt.enableExtraMouseButtons = true
    sun.management.compiler = HotSpot 64-Bit Tiered Compilers
    user.home = /home/itwenty
    user.timezone = UTC
    file.encoding = UTF-8
    user.name = itwenty
    sun.java.command = org.j2t.buganalyzer.app.App
    sun.arch.data.model = 64
    user.language = en
    awt.toolkit = sun.awt.X11.XToolkit
    file.separator = /
    sun.font.fontmanager = sun.awt.X11FontManager
    sun.io.unicode.encoding = UnicodeLittle
    sun.cpu.endian = little
    sun.cpu.isalist = 
2013-04-29 06:59:12.243+0000: Linux scheduler information:
    noop deadline [cfq] 
    noop deadline [cfq] 
    none
    none
    none
    none
    none
    none
    none
    none
2013-04-29 06:59:12.245+0000: Network information:
    Interface wlan0:
        address: 192.168.1.100
    Interface lo:
        address: 127.0.0.1
2013-04-29 06:59:12.246+0000: --- STARTUP diagnostics END ---
2013-04-29 06:59:12.250+0000: Recovery completed, all transactions have been resolved to a consistent state.
2013-04-29 06:59:12.411+0000: Extension org.neo4j.kernel.KernelExtension[kernel jmx] loaded ok
2013-04-29 06:59:12.416+0000: Extension org.neo4j.kernel.KernelExtension[kernel udc] loaded ok
2013-04-29 06:59:12.417+0000: Extension org.neo4j.kernel.KernelExtension[shell] loaded ok
2013-04-29 06:59:12.421+0000: --- STARTUP diagnostics for KernelDiagnostics:Versions START ---
2013-04-29 06:59:12.421+0000: Graph Database: org.neo4j.kernel.EmbeddedGraphDatabase StoreId[time:1367218750043, id:-4211672775633357685, store version: 13561656364791302]
2013-04-29 06:59:12.421+0000: Kernel version: Neo4j - Graph Database Kernel 1.8.1
2013-04-29 06:59:12.421+0000: Neo4j component versions:
2013-04-29 06:59:12.422+0000:   Neo4j - Graph Database Kernel 1.8.1
2013-04-29 06:59:12.422+0000: --- STARTUP diagnostics for KernelDiagnostics:Versions END ---
2013-04-29 06:59:12.425+0000: --- STARTUP diagnostics for NEO_STORE_VERSIONS START ---
2013-04-29 06:59:12.425+0000: Store versions:
    Store versions:
      NeoStore v0.A.0
      NodeStore v0.A.0
      RelationshipStore v0.A.0
      RelationshipTypeStore v0.A.0
      PropertyStore v0.A.0
      PropertyIndexStore v0.A.0
      StringPropertyStore v0.A.0
      ArrayPropertyStore v0.A.0
2013-04-29 06:59:12.425+0000: --- STARTUP diagnostics for NEO_STORE_VERSIONS END ---
2013-04-29 06:59:12.425+0000: --- STARTUP diagnostics for NEO_STORE_ID_USAGE START ---
2013-04-29 06:59:12.426+0000: Id usage:
    Id usage:
      NodeStore: used=1 high=0
      RelationshipStore: used=0 high=-1
      RelationshipTypeStore: used=0 high=-1
      PropertyStore: used=0 high=-1
      PropertyIndexStore: used=0 high=-1
      StringPropertyStore: used=1 high=0
      ArrayPropertyStore: used=1 high=0
2013-04-29 06:59:12.426+0000: --- STARTUP diagnostics for NEO_STORE_ID_USAGE END ---
2013-04-29 06:59:12.426+0000: --- STARTUP diagnostics for PERSISTENCE_WINDOW_POOL_STATS START ---
2013-04-29 06:59:12.427+0000: --- STARTUP diagnostics for PERSISTENCE_WINDOW_POOL_STATS END ---
2013-04-29 06:59:12.427+0000: --- STARTUP diagnostics for KernelDiagnostics:StoreFiles START ---
2013-04-29 06:59:12.427+0000: Disk space on partition (Total / Free / Free %): 233837043712 / 22999293952 / 90
Storage files: (filename : modification date - size)
      neostore.propertystore.db.arrays: 2013-04-29T06:59:12+0000 - 128.00 B
      neostore.propertystore.db.arrays.id: 2013-04-29T06:59:12+0000 - 9.00 B
      index:
        lucene-store.db: 2013-04-29T06:59:12+0000 - 40.00 B
        lucene.log.1: 2013-04-29T06:59:12+0000 - 16.00 B
        lucene.log.active: 2013-04-29T06:59:12+0000 - 4.00 B
      - Total: 2013-04-29T06:59:12+0000 - 60.00 B
      neostore.relationshiptypestore.db: 2013-04-29T06:59:12+0000 - 0.00 B
      neostore.propertystore.db: 2013-04-29T06:59:12+0000 - 0.00 B
      neostore.propertystore.db.index.keys.id: 2013-04-29T06:59:12+0000 - 9.00 B
      active_tx_log: 2013-04-29T06:59:12+0000 - 11.00 B
      neostore.id: 2013-04-29T06:59:12+0000 - 9.00 B
      neostore.relationshiptypestore.db.names: 2013-04-29T06:59:12+0000 - 38.00 B
      nioneo_logical.log.1: 2013-04-29T06:59:12+0000 - 16.00 B
      neostore.propertystore.db.id: 2013-04-29T06:59:12+0000 - 9.00 B
      neostore: 2013-04-29T06:59:12+0000 - 54.00 B
      lock: 2013-04-29T06:59:12+0000 - 0.00 B
      neostore.nodestore.db: 2013-04-29T06:59:12+0000 - 9.00 B
      neostore.propertystore.db.strings: 2013-04-29T06:59:12+0000 - 128.00 B
      neostore.relationshipstore.db: 2013-04-29T06:59:12+0000 - 0.00 B
      neostore.propertystore.db.strings.id: 2013-04-29T06:59:12+0000 - 9.00 B
      nioneo_logical.log.active: 2013-04-29T06:59:12+0000 - 4.00 B
      neostore.relationshiptypestore.db.names.id: 2013-04-29T06:59:12+0000 - 9.00 B
      messages.log: 2013-04-29T06:59:12+0000 - 17.76 kB
      neostore.relationshipstore.db.id: 2013-04-29T06:59:12+0000 - 9.00 B
      neostore.propertystore.db.index.id: 2013-04-29T06:59:12+0000 - 9.00 B
      neostore.propertystore.db.index.keys: 2013-04-29T06:59:12+0000 - 38.00 B
      tm_tx_log.1: 2013-04-29T06:59:12+0000 - 0.00 B
      neostore.nodestore.db.id: 2013-04-29T06:59:12+0000 - 9.00 B
      neostore.relationshiptypestore.db.id: 2013-04-29T06:59:12+0000 - 9.00 B
      neostore.propertystore.db.index: 2013-04-29T06:59:12+0000 - 0.00 B
2013-04-29 06:59:12.434+0000: --- STARTUP diagnostics for KernelDiagnostics:StoreFiles END ---
2013-04-29 06:59:12.436+0000: Started - database is now available
2013-04-29 06:59:12.436+0000: GC Monitor started. 
2013-04-29 06:59:54.418+0000: Stopping - database is now unavailable
2013-04-29 06:59:54.481+0000: TM shutting down
2013-04-29 06:59:54.486+0000: GC Monitor stopped. 
2013-04-29 06:59:54.525+0000: Closed log /home/itwenty/Projects/Eclipse/buganalyzer/target/neo4j-db-ReadXMLFileNull/index/lucene.log
2013-04-29 06:59:54.662+0000: Closed log /home/itwenty/Projects/Eclipse/buganalyzer/target/neo4j-db-ReadXMLFileNull/nioneo_logical.log
2013-04-29 06:59:54.662+0000: /home/itwenty/Projects/Eclipse/buganalyzer/target/neo4j-db-ReadXMLFileNull/neostore.relationshiptypestore.db.names hit=0 miss=1 switches=0 ooe=0
2013-04-29 06:59:54.707+0000: /home/itwenty/Projects/Eclipse/buganalyzer/target/neo4j-db-ReadXMLFileNull/neostore.relationshiptypestore.db hit=0 miss=1 switches=0 ooe=0
2013-04-29 06:59:54.774+0000: /home/itwenty/Projects/Eclipse/buganalyzer/target/neo4j-db-ReadXMLFileNull/neostore.propertystore.db.strings hit=4 miss=0 switches=0 ooe=0
2013-04-29 06:59:54.874+0000: /home/itwenty/Projects/Eclipse/buganalyzer/target/neo4j-db-ReadXMLFileNull/neostore.propertystore.db.index.keys hit=4 miss=0 switches=0 ooe=0
2013-04-29 06:59:54.941+0000: /home/itwenty/Projects/Eclipse/buganalyzer/target/neo4j-db-ReadXMLFileNull/neostore.propertystore.db.index hit=4 miss=0 switches=0 ooe=0
2013-04-29 06:59:54.997+0000: /home/itwenty/Projects/Eclipse/buganalyzer/target/neo4j-db-ReadXMLFileNull/neostore.propertystore.db.arrays hit=0 miss=0 switches=0 ooe=0
2013-04-29 06:59:55.108+0000: /home/itwenty/Projects/Eclipse/buganalyzer/target/neo4j-db-ReadXMLFileNull/neostore.propertystore.db hit=25 miss=0 switches=0 ooe=0
2013-04-29 06:59:55.298+0000: /home/itwenty/Projects/Eclipse/buganalyzer/target/neo4j-db-ReadXMLFileNull/neostore.relationshipstore.db hit=9 miss=0 switches=0 ooe=0
2013-04-29 06:59:55.521+0000: /home/itwenty/Projects/Eclipse/buganalyzer/target/neo4j-db-ReadXMLFileNull/neostore.nodestore.db hit=41 miss=0 switches=0 ooe=0
2013-04-29 06:59:55.642+0000: /home/itwenty/Projects/Eclipse/buganalyzer/target/neo4j-db-ReadXMLFileNull/neostore hit=0 miss=28 switches=0 ooe=0
2013-04-29 06:59:55.702+0000: NeoStore closed
2013-04-29 06:59:55.703+0000: --- SHUTDOWN diagnostics START ---
2013-04-29 06:59:55.703+0000: --- SHUTDOWN diagnostics END ---
2013-04-29 07:04:21.289+0000: WARNING! Deprecated configuration options used. See manual for details
2013-04-29 07:04:21.289+0000: cannot configure writers and searchers individually since they go together
2013-04-29 07:04:21.289+0000: WARNING! You are using an unsupported Java runtime. Please use JDK 6.
2013-04-29 07:04:21.291+0000: [/home/itwenty/Projects/Eclipse/buganalyzer/target/neo4j-db-ReadXMLFileNull/neostore.relationshiptypestore.db.names] brickCount=0 brickSize=0b mappedMem=0b (storeSize=76b)
2013-04-29 07:04:21.291+0000: [/home/itwenty/Projects/Eclipse/buganalyzer/target/neo4j-db-ReadXMLFileNull/neostore.relationshiptypestore.db] brickCount=0 brickSize=0b mappedMem=0b (storeSize=5b)
2013-04-29 07:04:21.292+0000: [/home/itwenty/Projects/Eclipse/buganalyzer/target/neo4j-db-ReadXMLFileNull/neostore.propertystore.db.strings] brickCount=0 brickSize=275712b mappedMem=275775488b (storeSize=256b)
2013-04-29 07:04:21.292+0000: [/home/itwenty/Projects/Eclipse/buganalyzer/target/neo4j-db-ReadXMLFileNull/neostore.propertystore.db.index.keys] brickCount=0 brickSize=1026b mappedMem=1048576b (storeSize=190b)
2013-04-29 07:04:21.293+0000: [/home/itwenty/Projects/Eclipse/buganalyzer/target/neo4j-db-ReadXMLFileNull/neostore.propertystore.db.index] brickCount=0 brickSize=1044b mappedMem=1048576b (storeSize=36b)
2013-04-29 07:04:21.293+0000: [/home/itwenty/Projects/Eclipse/buganalyzer/target/neo4j-db-ReadXMLFileNull/neostore.propertystore.db.arrays] brickCount=0 brickSize=312448b mappedMem=312475648b (storeSize=128b)
2013-04-29 07:04:21.294+0000: [/home/itwenty/Projects/Eclipse/buganalyzer/target/neo4j-db-ReadXMLFileNull/neostore.propertystore.db] brickCount=0 brickSize=323982b mappedMem=324009984b (storeSize=287b)
2013-04-29 07:04:21.295+0000: [/home/itwenty/Projects/Eclipse/buganalyzer/target/neo4j-db-ReadXMLFileNull/neostore.relationshipstore.db] brickCount=0 brickSize=396330b mappedMem=396361728b (storeSize=66b)
2013-04-29 07:04:21.295+0000: [/home/itwenty/Projects/Eclipse/buganalyzer/target/neo4j-db-ReadXMLFileNull/neostore.nodestore.db] brickCount=0 brickSize=89127b mappedMem=89128960b (storeSize=63b)
2013-04-29 07:04:21.296+0000: [/home/itwenty/Projects/Eclipse/buganalyzer/target/neo4j-db-ReadXMLFileNull/neostore] brickCount=0 brickSize=0b mappedMem=0b (storeSize=54b)
2013-04-29 07:04:21.297+0000: Opened logical log [/home/itwenty/Projects/Eclipse/buganalyzer/target/neo4j-db-ReadXMLFileNull/nioneo_logical.log.1] version=1, lastTxId=13 (clean)
2013-04-29 07:04:21.321+0000: TM opening log: /home/itwenty/Projects/Eclipse/buganalyzer/target/neo4j-db-ReadXMLFileNull/tm_tx_log.1
2013-04-29 07:04:21.322+0000: Opened logical log [/home/itwenty/Projects/Eclipse/buganalyzer/target/neo4j-db-ReadXMLFileNull/index/lucene.log.1] version=1, lastTxId=1 (clean)
2013-04-29 07:04:21.329+0000: --- STARTUP diagnostics START ---
2013-04-29 07:04:21.329+0000: Neo4j Kernel properties:
    forced_kernel_id=
    read_only=false
    neo4j.ext.udc.host=udc.neo4j.org
    logical_log=nioneo_logical.log
    node_auto_indexing=false
    intercept_committing_transactions=false
    remote_shell_name=shell
    cache_type=soft
    intercept_deserialized_transactions=false
    lucene_searcher_cache_size=2147483647
    neo4j.ext.udc.interval=86400000
    use_memory_mapped_buffers=true
    rebuild_idgenerators_fast=true
    neostore.propertystore.db.index.keys.mapped_memory=1M
    neostore.propertystore.db.arrays.mapped_memory=298M
    neostore.propertystore.db.strings.mapped_memory=263M
    log_mapped_memory_stats_filename=mapped_memory_stats.log
    log_mapped_memory_stats_interval=1000000
    gcr_cache_min_log_interval=60s
    relationship_grab_size=100
    relationship_auto_indexing=false
    remote_shell_read_only=false
    node_cache_array_fraction=1.0
    allow_store_upgrade=false
    execution_guard_enabled=false
    relationship_cache_array_fraction=1.0
    remote_logging_host=127.0.0.1
    store_dir=target/neo4j-db-ReadXMLFileNull
    online_backup_enabled=false
    remote_logging_port=4560
    gc_monitor_threshold=200ms
    array_block_size=120
    load_kernel_extensions=true
    neostore.relationshipstore.db.mapped_memory=378M
    keep_logical_logs=true
    dump_configuration=false
    gc_monitor_wait_time=100ms
    neostore.nodestore.db.mapped_memory=85M
    neo4j.ext.udc.first_delay=600000
    remote_shell_enabled=false
    neo4j.ext.udc.reg=unreg
    remote_shell_port=1337
    log_mapped_memory_stats=false
    neo_store=neostore
    mapped_memory_page_size=1M
    query_cache_size=100
    logging.threshold_for_rotation=104857600
    neostore.propertystore.db.index.mapped_memory=1M
    backup_slave=false
    neostore.propertystore.db.mapped_memory=309M
    string_block_size=120
    grab_file_lock=true
    remote_logging_enabled=false
    neo4j.ext.udc.enabled=true
    all_stores_total_mapped_memory_size=500M
    online_backup_port=6362
2013-04-29 07:04:21.330+0000: Diagnostics providers:
    org.neo4j.kernel.configuration.Config
    org.neo4j.kernel.info.DiagnosticsManager
    SYSTEM_MEMORY
    JAVA_MEMORY
    OPERATING_SYSTEM
    JAVA_VIRTUAL_MACHINE
    CLASSPATH
    LIBRARY_PATH
    SYSTEM_PROPERTIES
    LINUX_SCHEDULERS
    NETWORK
2013-04-29 07:04:21.331+0000: System memory information:
    Total Physical memory: 3.73 GB
    Free Physical memory: 1.96 GB
    Committed virtual memory: 2.85 GB
    Total swap space: 0.00 B
    Free swap space: 0.00 B
2013-04-29 07:04:21.333+0000: JVM memory information:
    Free  memory: 42.74 MB
    Total memory: 57.31 MB
    Max   memory: 849.81 MB
    Garbage Collector: PS Scavenge: [PS Eden Space, PS Survivor Space]
    Garbage Collector: PS MarkSweep: [PS Eden Space, PS Survivor Space, PS Old Gen, PS Perm Gen]
    Memory Pool: Code Cache (Non-heap memory): committed=2.44 MB, used=761.50 kB, max=48.00 MB, threshold=0.00 B
    Memory Pool: PS Eden Space (Heap memory): committed=15.00 MB, used=7.13 MB, max=313.75 MB, threshold=?
    Memory Pool: PS Survivor Space (Heap memory): committed=2.44 MB, used=2.42 MB, max=2.44 MB, threshold=?
    Memory Pool: PS Old Gen (Heap memory): committed=39.88 MB, used=5.02 MB, max=637.38 MB, threshold=0.00 B
    Memory Pool: PS Perm Gen (Non-heap memory): committed=20.75 MB, used=20.03 MB, max=166.00 MB, threshold=0.00 B
2013-04-29 07:04:21.337+0000: Operating system information:
    Operating System: Linux; version: 3.8.8-2-ARCH; arch: amd64; cpus: 4
    Max number of file descriptors: 4096
    Number of open file descriptors: 85
    Process id: 3072@leviathan-lin
    Byte order: LITTLE_ENDIAN
    Local timezone: UTC
2013-04-29 07:04:21.338+0000: JVM information:
    VM Name: OpenJDK 64-Bit Server VM
    VM Vendor: Oracle Corporation
    VM Version: 23.7-b01
    JIT compiler: HotSpot 64-Bit Tiered Compilers
    VM Arguments: [-Dfile.encoding=UTF-8]
2013-04-29 07:04:21.338+0000: Java classpath:
     [bootstrap] /usr/lib/jvm/java-7-openjdk/jre/lib/resources.jar
     [classpath + loader.0] file:/home/itwenty/Projects/neo4j-community-1.8.1/lib/neo4j-lucene-index-1.8.1.jar
     [classpath + loader.0] file:/home/itwenty/Downloads/neo4j-plugin/org-gephi-neo4j.jar
     [classpath + loader.0] file:/home/itwenty/Downloads/neo4j-plugin/org-gephi-neo4j-plugin.jar
     [bootstrap] /usr/lib/jvm/java-7-openjdk/jre/lib/plugin.jar
     [classpath + loader.0] file:/home/itwenty/Projects/neo4j-community-1.8.1/lib/neo4j-cypher-1.8.1.jar
     [classpath + loader.0] file:/home/itwenty/Projects/neo4j-community-1.8.1/lib/scala-library-2.9.1-1.jar
     [bootstrap] /usr/lib/jvm/java-7-openjdk/jre/lib/charsets.jar
     [loader.1] file:/usr/lib/jvm/java-7-openjdk/jre/lib/ext/zipfs.jar
     [loader.1] file:/usr/lib/jvm/java-7-openjdk/jre/lib/ext/sunpkcs11.jar
     [classpath + loader.0] file:/home/itwenty/Downloads/gephi-toolkit-0.8.1-all/gephi-toolkit.jar
     [classpath + loader.0] file:/home/itwenty/Projects/neo4j-community-1.8.1/lib/neo4j-jmx-1.8.1.jar
     [bootstrap] /usr/lib/jvm/java-7-openjdk/jre/lib/rt.jar
     [bootstrap] /usr/lib/jvm/java-7-openjdk/jre/classes
     [classpath + loader.0] file:/home/itwenty/Projects/neo4j-community-1.8.1/lib/neo4j-udc-1.8.1.jar
     [classpath + loader.0] file:/home/itwenty/Projects/neo4j-community-1.8.1/lib/org.apache.servicemix.bundles.jline-0.9.94_1.jar
     [bootstrap] /usr/lib/jvm/java-7-openjdk/jre/lib/jsse.jar
     [classpath + loader.0] file:/home/itwenty/Projects/neo4j-community-1.8.1/lib/neo4j-management-1.8.1.jar
     [classpath + loader.0] file:/home/itwenty/Projects/Eclipse/Calculator/src/
     [classpath + loader.0] file:/home/itwenty/Projects/neo4j-community-1.8.1/lib/neo4j-shell-1.8.1.jar
     [bootstrap] /usr/lib/jvm/java-7-openjdk/jre/lib/sunrsasign.jar
     [classpath + loader.0] file:/home/itwenty/Projects/neo4j-community-1.8.1/lib/neo4j-kernel-1.8.1.jar
     [loader.1] file:/usr/lib/jvm/java-7-openjdk/jre/lib/ext/dnsns.jar
     [bootstrap] /usr/lib/jvm/java-7-openjdk/jre/lib/jce.jar
     [classpath + loader.0] file:/home/itwenty/Downloads/neo4j-plugin/org-gephi-desktop-neo4j.jar
     [classpath + loader.0] file:/home/itwenty/Projects/neo4j-community-1.8.1/lib/neo4j-graph-algo-1.8.1.jar
     [classpath + loader.0] file:/home/itwenty/Projects/neo4j-community-1.8.1/lib/geronimo-jta_1.1_spec-1.1.1.jar
     [loader.1] file:/usr/lib/jvm/java-7-openjdk/jre/lib/ext/sunjce_provider.jar
     [loader.1] file:/usr/lib/jvm/java-7-openjdk/jre/lib/ext/pulse-java.jar
     [loader.1] file:/usr/lib/jvm/java-7-openjdk/jre/lib/ext/localedata.jar
     [classpath + loader.0] file:/home/itwenty/Projects/neo4j-community-1.8.1/lib/neo4j-graph-matching-1.8.1.jar
     [bootstrap] /usr/lib/jvm/java-7-openjdk/jre/lib/jfr.jar
     [bootstrap] /usr/lib/jvm/java-7-openjdk/jre/lib/netx.jar
     [classpath + loader.0] file:/home/itwenty/Projects/neo4j-community-1.8.1/lib/lucene-core-3.5.0.jar
     [bootstrap] /usr/lib/jvm/java-7-openjdk/jre/lib/rhino.jar
     [classpath + loader.0] file:/home/itwenty/Projects/Eclipse/buganalyzer/bin/
     [classpath + loader.0] file:/home/itwenty/Projects/neo4j-community-1.8.1/lib/server-api-1.8.1.jar
     [classpath + loader.0] file:/home/itwenty/Downloads/neo4j-plugin/org-gephi-lib-neo4j.jar
2013-04-29 07:04:21.340+0000: Library path:
    /usr/java/packages/lib/amd64
    /usr/lib
    /usr/lib
    /usr/lib
    /usr/lib
2013-04-29 07:04:21.340+0000: System.properties:
    sun.boot.library.path = /usr/lib/jvm/java-7-openjdk/jre/lib/amd64
    path.separator = :
    file.encoding.pkg = sun.io
    user.country = US
    sun.java.launcher = SUN_STANDARD
    sun.os.patch.level = unknown
    user.dir = /home/itwenty/Projects/Eclipse/buganalyzer
    sun.jnu.encoding = UTF-8
    sun.awt.enableExtraMouseButtons = true
    sun.management.compiler = HotSpot 64-Bit Tiered Compilers
    user.home = /home/itwenty
    user.timezone = UTC
    file.encoding = UTF-8
    user.name = itwenty
    sun.java.command = org.j2t.buganalyzer.app.App
    sun.arch.data.model = 64
    user.language = en
    awt.toolkit = sun.awt.X11.XToolkit
    file.separator = /
    sun.font.fontmanager = sun.awt.X11FontManager
    sun.io.unicode.encoding = UnicodeLittle
    sun.cpu.endian = little
    sun.cpu.isalist = 
2013-04-29 07:04:21.341+0000: Linux scheduler information:
    noop deadline [cfq] 
    noop deadline [cfq] 
    none
    none
    none
    none
    none
    none
    none
    none
2013-04-29 07:04:21.342+0000: Network information:
    Interface wlan0:
        address: 192.168.1.100
    Interface lo:
        address: 127.0.0.1
2013-04-29 07:04:21.342+0000: --- STARTUP diagnostics END ---
2013-04-29 07:04:21.343+0000: Recovery completed, all transactions have been resolved to a consistent state.
2013-04-29 07:04:21.361+0000: Extension org.neo4j.kernel.KernelExtension[kernel jmx] loaded ok
2013-04-29 07:04:21.363+0000: Extension org.neo4j.kernel.KernelExtension[kernel udc] loaded ok
2013-04-29 07:04:21.363+0000: Extension org.neo4j.kernel.KernelExtension[shell] loaded ok
2013-04-29 07:04:21.363+0000: --- STARTUP diagnostics for KernelDiagnostics:Versions START ---
2013-04-29 07:04:21.363+0000: Graph Database: org.neo4j.kernel.EmbeddedGraphDatabase StoreId[time:1367218750043, id:-4211672775633357685, store version: 13561656364791302]
2013-04-29 07:04:21.363+0000: Kernel version: Neo4j - Graph Database Kernel 1.8.1
2013-04-29 07:04:21.364+0000: Neo4j component versions:
2013-04-29 07:04:21.365+0000:   Neo4j - Graph Database Kernel 1.8.1
2013-04-29 07:04:21.365+0000: --- STARTUP diagnostics for KernelDiagnostics:Versions END ---
2013-04-29 07:04:21.365+0000: --- STARTUP diagnostics for NEO_STORE_VERSIONS START ---
2013-04-29 07:04:21.365+0000: Store versions:
    Store versions:
      NeoStore v0.A.0
      NodeStore v0.A.0
      RelationshipStore v0.A.0
      RelationshipTypeStore v0.A.0
      PropertyStore v0.A.0
      PropertyIndexStore v0.A.0
      StringPropertyStore v0.A.0
      ArrayPropertyStore v0.A.0
2013-04-29 07:04:21.365+0000: --- STARTUP diagnostics for NEO_STORE_VERSIONS END ---
2013-04-29 07:04:21.365+0000: --- STARTUP diagnostics for NEO_STORE_ID_USAGE START ---
2013-04-29 07:04:21.365+0000: Id usage:
    Id usage:
      NodeStore: used=7 high=6
      RelationshipStore: used=2 high=1
      RelationshipTypeStore: used=1 high=0
      PropertyStore: used=7 high=6
      PropertyIndexStore: used=4 high=3
      StringPropertyStore: used=2 high=1
      ArrayPropertyStore: used=1 high=0
2013-04-29 07:04:21.366+0000: --- STARTUP diagnostics for NEO_STORE_ID_USAGE END ---
2013-04-29 07:04:21.366+0000: --- STARTUP diagnostics for PERSISTENCE_WINDOW_POOL_STATS START ---
2013-04-29 07:04:21.366+0000: --- STARTUP diagnostics for PERSISTENCE_WINDOW_POOL_STATS END ---
2013-04-29 07:04:21.366+0000: --- STARTUP diagnostics for KernelDiagnostics:StoreFiles START ---
2013-04-29 07:04:21.366+0000: Disk space on partition (Total / Free / Free %): 233837043712 / 22999138304 / 90
Storage files: (filename : modification date - size)
      neostore.propertystore.db.arrays: 2013-04-29T07:04:21+0000 - 128.00 B
      neostore.propertystore.db.arrays.id: 2013-04-29T07:04:21+0000 - 9.00 B
      index:
        lucene-store.db: 2013-04-29T06:59:54+0000 - 40.00 B
        lucene.log.v0: 2013-04-29T06:59:54+0000 - 16.00 B
        lucene.log.1: 2013-04-29T07:04:21+0000 - 16.00 B
        lucene.log.active: 2013-04-29T07:04:21+0000 - 4.00 B
      - Total: 2013-04-29T07:04:21+0000 - 76.00 B
      neostore.relationshiptypestore.db: 2013-04-29T07:04:21+0000 - 5.00 B
      nioneo_logical.log.v0: 2013-04-29T06:59:54+0000 - 2.98 kB
      neostore.propertystore.db: 2013-04-29T07:04:21+0000 - 287.00 B
      neostore.propertystore.db.index.keys.id: 2013-04-29T07:04:21+0000 - 9.00 B
      active_tx_log: 2013-04-29T06:59:12+0000 - 11.00 B
      neostore.id: 2013-04-29T07:04:21+0000 - 9.00 B
      neostore.relationshiptypestore.db.names: 2013-04-29T07:04:21+0000 - 76.00 B
      nioneo_logical.log.1: 2013-04-29T07:04:21+0000 - 16.00 B
      neostore.propertystore.db.id: 2013-04-29T07:04:21+0000 - 65.00 B
      neostore: 2013-04-29T07:04:21+0000 - 54.00 B
      lock: 2013-04-29T07:04:21+0000 - 0.00 B
      neostore.nodestore.db: 2013-04-29T07:04:21+0000 - 63.00 B
      neostore.propertystore.db.strings: 2013-04-29T07:04:21+0000 - 256.00 B
      neostore.relationshipstore.db: 2013-04-29T07:04:21+0000 - 66.00 B
      neostore.propertystore.db.strings.id: 2013-04-29T07:04:21+0000 - 17.00 B
      nioneo_logical.log.active: 2013-04-29T07:04:21+0000 - 4.00 B
      neostore.relationshiptypestore.db.names.id: 2013-04-29T07:04:21+0000 - 9.00 B
      messages.log: 2013-04-29T07:04:21+0000 - 35.77 kB
      neostore.relationshipstore.db.id: 2013-04-29T07:04:21+0000 - 25.00 B
      neostore.propertystore.db.index.id: 2013-04-29T07:04:21+0000 - 9.00 B
      neostore.propertystore.db.index.keys: 2013-04-29T07:04:21+0000 - 1.00 kB
      tm_tx_log.1: 2013-04-29T07:04:21+0000 - 0.00 B
      neostore.nodestore.db.id: 2013-04-29T07:04:21+0000 - 65.00 B
      neostore.relationshiptypestore.db.id: 2013-04-29T07:04:21+0000 - 9.00 B
      neostore.propertystore.db.index: 2013-04-29T07:04:21+0000 - 1.02 kB
2013-04-29 07:04:21.373+0000: --- STARTUP diagnostics for KernelDiagnostics:StoreFiles END ---
2013-04-29 07:04:21.373+0000: Started - database is now available
2013-04-29 07:04:21.374+0000: GC Monitor started. 
2013-04-29 07:04:33.874+0000: Stopping - database is now unavailable
2013-04-29 07:04:33.890+0000: GC Monitor stopped. 
2013-04-29 07:04:33.954+0000: TM shutting down
2013-04-29 07:04:34.010+0000: Closed log /home/itwenty/Projects/Eclipse/buganalyzer/target/neo4j-db-ReadXMLFileNull/index/lucene.log
2013-04-29 07:04:34.246+0000: Closed log /home/itwenty/Projects/Eclipse/buganalyzer/target/neo4j-db-ReadXMLFileNull/nioneo_logical.log
2013-04-29 07:04:34.256+0000: /home/itwenty/Projects/Eclipse/buganalyzer/target/neo4j-db-ReadXMLFileNull/neostore.relationshiptypestore.db.names hit=0 miss=2 switches=0 ooe=0
2013-04-29 07:04:34.354+0000: /home/itwenty/Projects/Eclipse/buganalyzer/target/neo4j-db-ReadXMLFileNull/neostore.relationshiptypestore.db hit=0 miss=1 switches=0 ooe=0
2013-04-29 07:04:34.477+0000: /home/itwenty/Projects/Eclipse/buganalyzer/target/neo4j-db-ReadXMLFileNull/neostore.propertystore.db.strings hit=4 miss=0 switches=0 ooe=0
2013-04-29 07:04:34.600+0000: /home/itwenty/Projects/Eclipse/buganalyzer/target/neo4j-db-ReadXMLFileNull/neostore.propertystore.db.index.keys hit=8 miss=0 switches=0 ooe=0
2013-04-29 07:04:34.689+0000: /home/itwenty/Projects/Eclipse/buganalyzer/target/neo4j-db-ReadXMLFileNull/neostore.propertystore.db.index hit=4 miss=0 switches=0 ooe=0
2013-04-29 07:04:34.767+0000: /home/itwenty/Projects/Eclipse/buganalyzer/target/neo4j-db-ReadXMLFileNull/neostore.propertystore.db.arrays hit=0 miss=0 switches=0 ooe=0
2013-04-29 07:04:34.856+0000: /home/itwenty/Projects/Eclipse/buganalyzer/target/neo4j-db-ReadXMLFileNull/neostore.propertystore.db hit=25 miss=0 switches=0 ooe=0
2013-04-29 07:04:34.979+0000: /home/itwenty/Projects/Eclipse/buganalyzer/target/neo4j-db-ReadXMLFileNull/neostore.relationshipstore.db hit=5 miss=0 switches=0 ooe=0
2013-04-29 07:04:35.201+0000: /home/itwenty/Projects/Eclipse/buganalyzer/target/neo4j-db-ReadXMLFileNull/neostore.nodestore.db hit=32 miss=0 switches=0 ooe=0
2013-04-29 07:04:35.338+0000: /home/itwenty/Projects/Eclipse/buganalyzer/target/neo4j-db-ReadXMLFileNull/neostore hit=0 miss=26 switches=0 ooe=0
2013-04-29 07:04:35.403+0000: NeoStore closed
2013-04-29 07:04:35.403+0000: --- SHUTDOWN diagnostics START ---
2013-04-29 07:04:35.403+0000: --- SHUTDOWN diagnostics END ---
2013-04-29 07:04:43.830+0000: WARNING! Deprecated configuration options used. See manual for details
2013-04-29 07:04:43.843+0000: cannot configure writers and searchers individually since they go together
2013-04-29 07:04:43.844+0000: WARNING! You are using an unsupported Java runtime. Please use JDK 6.
2013-04-29 07:04:43.923+0000: [/home/itwenty/Projects/Eclipse/buganalyzer/target/neo4j-db-ReadXMLFileNull/neostore.relationshiptypestore.db.names] brickCount=0 brickSize=0b mappedMem=0b (storeSize=76b)
2013-04-29 07:04:43.927+0000: [/home/itwenty/Projects/Eclipse/buganalyzer/target/neo4j-db-ReadXMLFileNull/neostore.relationshiptypestore.db] brickCount=0 brickSize=0b mappedMem=0b (storeSize=5b)
2013-04-29 07:04:43.927+0000: [/home/itwenty/Projects/Eclipse/buganalyzer/target/neo4j-db-ReadXMLFileNull/neostore.propertystore.db.strings] brickCount=0 brickSize=275712b mappedMem=275775488b (storeSize=256b)
2013-04-29 07:04:43.928+0000: [/home/itwenty/Projects/Eclipse/buganalyzer/target/neo4j-db-ReadXMLFileNull/neostore.propertystore.db.index.keys] brickCount=0 brickSize=1026b mappedMem=1048576b (storeSize=190b)
2013-04-29 07:04:43.929+0000: [/home/itwenty/Projects/Eclipse/buganalyzer/target/neo4j-db-ReadXMLFileNull/neostore.propertystore.db.index] brickCount=0 brickSize=1044b mappedMem=1048576b (storeSize=36b)
2013-04-29 07:04:43.930+0000: [/home/itwenty/Projects/Eclipse/buganalyzer/target/neo4j-db-ReadXMLFileNull/neostore.propertystore.db.arrays] brickCount=0 brickSize=312448b mappedMem=312475648b (storeSize=128b)
2013-04-29 07:04:43.933+0000: [/home/itwenty/Projects/Eclipse/buganalyzer/target/neo4j-db-ReadXMLFileNull/neostore.propertystore.db] brickCount=0 brickSize=323982b mappedMem=324009984b (storeSize=287b)
2013-04-29 07:04:43.935+0000: [/home/itwenty/Projects/Eclipse/buganalyzer/target/neo4j-db-ReadXMLFileNull/neostore.relationshipstore.db] brickCount=0 brickSize=396330b mappedMem=396361728b (storeSize=66b)
2013-04-29 07:04:43.936+0000: [/home/itwenty/Projects/Eclipse/buganalyzer/target/neo4j-db-ReadXMLFileNull/neostore.nodestore.db] brickCount=0 brickSize=89127b mappedMem=89128960b (storeSize=63b)
2013-04-29 07:04:43.937+0000: [/home/itwenty/Projects/Eclipse/buganalyzer/target/neo4j-db-ReadXMLFileNull/neostore] brickCount=0 brickSize=0b mappedMem=0b (storeSize=54b)
2013-04-29 07:04:43.956+0000: Opened logical log [/home/itwenty/Projects/Eclipse/buganalyzer/target/neo4j-db-ReadXMLFileNull/nioneo_logical.log.1] version=2, lastTxId=23 (clean)
2013-04-29 07:04:43.989+0000: TM opening log: /home/itwenty/Projects/Eclipse/buganalyzer/target/neo4j-db-ReadXMLFileNull/tm_tx_log.1
2013-04-29 07:04:44.014+0000: Opened logical log [/home/itwenty/Projects/Eclipse/buganalyzer/target/neo4j-db-ReadXMLFileNull/index/lucene.log.1] version=2, lastTxId=1 (clean)
2013-04-29 07:04:44.026+0000: --- STARTUP diagnostics START ---
2013-04-29 07:04:44.029+0000: Neo4j Kernel properties:
    forced_kernel_id=
    read_only=false
    neo4j.ext.udc.host=udc.neo4j.org
    logical_log=nioneo_logical.log
    node_auto_indexing=false
    intercept_committing_transactions=false
    remote_shell_name=shell
    cache_type=soft
    intercept_deserialized_transactions=false
    lucene_searcher_cache_size=2147483647
    neo4j.ext.udc.interval=86400000
    use_memory_mapped_buffers=true
    rebuild_idgenerators_fast=true
    neostore.propertystore.db.index.keys.mapped_memory=1M
    neostore.propertystore.db.arrays.mapped_memory=298M
    neostore.propertystore.db.strings.mapped_memory=263M
    log_mapped_memory_stats_filename=mapped_memory_stats.log
    log_mapped_memory_stats_interval=1000000
    gcr_cache_min_log_interval=60s
    relationship_grab_size=100
    relationship_auto_indexing=false
    remote_shell_read_only=false
    node_cache_array_fraction=1.0
    allow_store_upgrade=false
    execution_guard_enabled=false
    relationship_cache_array_fraction=1.0
    remote_logging_host=127.0.0.1
    store_dir=target/neo4j-db-ReadXMLFileNull
    online_backup_enabled=false
    remote_logging_port=4560
    gc_monitor_threshold=200ms
    array_block_size=120
    load_kernel_extensions=true
    neostore.relationshipstore.db.mapped_memory=378M
    keep_logical_logs=true
    dump_configuration=false
    gc_monitor_wait_time=100ms
    neostore.nodestore.db.mapped_memory=85M
    neo4j.ext.udc.first_delay=600000
    remote_shell_enabled=false
    neo4j.ext.udc.reg=unreg
    remote_shell_port=1337
    log_mapped_memory_stats=false
    neo_store=neostore
    mapped_memory_page_size=1M
    query_cache_size=100
    logging.threshold_for_rotation=104857600
    neostore.propertystore.db.index.mapped_memory=1M
    backup_slave=false
    neostore.propertystore.db.mapped_memory=309M
    string_block_size=120
    grab_file_lock=true
    remote_logging_enabled=false
    neo4j.ext.udc.enabled=true
    all_stores_total_mapped_memory_size=500M
    online_backup_port=6362
2013-04-29 07:04:44.034+0000: Diagnostics providers:
    org.neo4j.kernel.configuration.Config
    org.neo4j.kernel.info.DiagnosticsManager
    SYSTEM_MEMORY
    JAVA_MEMORY
    OPERATING_SYSTEM
    JAVA_VIRTUAL_MACHINE
    CLASSPATH
    LIBRARY_PATH
    SYSTEM_PROPERTIES
    LINUX_SCHEDULERS
    NETWORK
2013-04-29 07:04:44.035+0000: System memory information:
    Total Physical memory: 3.73 GB
    Free Physical memory: 1.97 GB
    Committed virtual memory: 2.72 GB
    Total swap space: 0.00 B
    Free swap space: 0.00 B
2013-04-29 07:04:44.039+0000: JVM memory information:
    Free  memory: 40.53 MB
    Total memory: 57.31 MB
    Max   memory: 849.81 MB
    Garbage Collector: PS Scavenge: [PS Eden Space, PS Survivor Space]
    Garbage Collector: PS MarkSweep: [PS Eden Space, PS Survivor Space, PS Old Gen, PS Perm Gen]
    Memory Pool: Code Cache (Non-heap memory): committed=2.44 MB, used=666.69 kB, max=48.00 MB, threshold=0.00 B
    Memory Pool: PS Eden Space (Heap memory): committed=15.00 MB, used=10.79 MB, max=313.75 MB, threshold=?
    Memory Pool: PS Survivor Space (Heap memory): committed=2.44 MB, used=2.44 MB, max=2.44 MB, threshold=?
    Memory Pool: PS Old Gen (Heap memory): committed=39.88 MB, used=3.80 MB, max=637.38 MB, threshold=0.00 B
    Memory Pool: PS Perm Gen (Non-heap memory): committed=20.75 MB, used=17.67 MB, max=166.00 MB, threshold=0.00 B
2013-04-29 07:04:44.044+0000: Operating system information:
    Operating System: Linux; version: 3.8.8-2-ARCH; arch: amd64; cpus: 4
    Max number of file descriptors: 4096
    Number of open file descriptors: 58
    Process id: 3150@leviathan-lin
    Byte order: LITTLE_ENDIAN
    Local timezone: UTC
2013-04-29 07:04:44.046+0000: JVM information:
    VM Name: OpenJDK 64-Bit Server VM
    VM Vendor: Oracle Corporation
    VM Version: 23.7-b01
    JIT compiler: HotSpot 64-Bit Tiered Compilers
    VM Arguments: [-Dfile.encoding=UTF-8]
2013-04-29 07:04:44.047+0000: Java classpath:
     [bootstrap] /usr/lib/jvm/java-7-openjdk/jre/lib/resources.jar
     [classpath + loader.0] file:/home/itwenty/Projects/neo4j-community-1.8.1/lib/neo4j-lucene-index-1.8.1.jar
     [classpath + loader.0] file:/home/itwenty/Downloads/neo4j-plugin/org-gephi-neo4j.jar
     [classpath + loader.0] file:/home/itwenty/Downloads/neo4j-plugin/org-gephi-neo4j-plugin.jar
     [bootstrap] /usr/lib/jvm/java-7-openjdk/jre/lib/plugin.jar
     [classpath + loader.0] file:/home/itwenty/Projects/neo4j-community-1.8.1/lib/neo4j-cypher-1.8.1.jar
     [classpath + loader.0] file:/home/itwenty/Projects/neo4j-community-1.8.1/lib/scala-library-2.9.1-1.jar
     [bootstrap] /usr/lib/jvm/java-7-openjdk/jre/lib/charsets.jar
     [loader.1] file:/usr/lib/jvm/java-7-openjdk/jre/lib/ext/zipfs.jar
     [loader.1] file:/usr/lib/jvm/java-7-openjdk/jre/lib/ext/sunpkcs11.jar
     [classpath + loader.0] file:/home/itwenty/Downloads/gephi-toolkit-0.8.1-all/gephi-toolkit.jar
     [classpath + loader.0] file:/home/itwenty/Projects/neo4j-community-1.8.1/lib/neo4j-jmx-1.8.1.jar
     [bootstrap] /usr/lib/jvm/java-7-openjdk/jre/lib/rt.jar
     [bootstrap] /usr/lib/jvm/java-7-openjdk/jre/classes
     [classpath + loader.0] file:/home/itwenty/Projects/neo4j-community-1.8.1/lib/neo4j-udc-1.8.1.jar
     [classpath + loader.0] file:/home/itwenty/Projects/neo4j-community-1.8.1/lib/org.apache.servicemix.bundles.jline-0.9.94_1.jar
     [bootstrap] /usr/lib/jvm/java-7-openjdk/jre/lib/jsse.jar
     [classpath + loader.0] file:/home/itwenty/Projects/neo4j-community-1.8.1/lib/neo4j-management-1.8.1.jar
     [classpath + loader.0] file:/home/itwenty/Projects/Eclipse/Calculator/src/
     [classpath + loader.0] file:/home/itwenty/Projects/neo4j-community-1.8.1/lib/neo4j-shell-1.8.1.jar
     [bootstrap] /usr/lib/jvm/java-7-openjdk/jre/lib/sunrsasign.jar
     [classpath + loader.0] file:/home/itwenty/Projects/neo4j-community-1.8.1/lib/neo4j-kernel-1.8.1.jar
     [loader.1] file:/usr/lib/jvm/java-7-openjdk/jre/lib/ext/dnsns.jar
     [bootstrap] /usr/lib/jvm/java-7-openjdk/jre/lib/jce.jar
     [classpath + loader.0] file:/home/itwenty/Downloads/neo4j-plugin/org-gephi-desktop-neo4j.jar
     [classpath + loader.0] file:/home/itwenty/Projects/neo4j-community-1.8.1/lib/neo4j-graph-algo-1.8.1.jar
     [classpath + loader.0] file:/home/itwenty/Projects/neo4j-community-1.8.1/lib/geronimo-jta_1.1_spec-1.1.1.jar
     [loader.1] file:/usr/lib/jvm/java-7-openjdk/jre/lib/ext/sunjce_provider.jar
     [loader.1] file:/usr/lib/jvm/java-7-openjdk/jre/lib/ext/pulse-java.jar
     [loader.1] file:/usr/lib/jvm/java-7-openjdk/jre/lib/ext/localedata.jar
     [classpath + loader.0] file:/home/itwenty/Projects/neo4j-community-1.8.1/lib/neo4j-graph-matching-1.8.1.jar
     [bootstrap] /usr/lib/jvm/java-7-openjdk/jre/lib/jfr.jar
     [bootstrap] /usr/lib/jvm/java-7-openjdk/jre/lib/netx.jar
     [classpath + loader.0] file:/home/itwenty/Projects/neo4j-community-1.8.1/lib/lucene-core-3.5.0.jar
     [bootstrap] /usr/lib/jvm/java-7-openjdk/jre/lib/rhino.jar
     [classpath + loader.0] file:/home/itwenty/Projects/Eclipse/buganalyzer/bin/
     [classpath + loader.0] file:/home/itwenty/Projects/neo4j-community-1.8.1/lib/server-api-1.8.1.jar
     [classpath + loader.0] file:/home/itwenty/Downloads/neo4j-plugin/org-gephi-lib-neo4j.jar
2013-04-29 07:04:44.049+0000: Library path:
    /usr/java/packages/lib/amd64
    /usr/lib
    /usr/lib
    /usr/lib
    /usr/lib
2013-04-29 07:04:44.049+0000: System.properties:
    sun.boot.library.path = /usr/lib/jvm/java-7-openjdk/jre/lib/amd64
    path.separator = :
    file.encoding.pkg = sun.io
    user.country = US
    sun.java.launcher = SUN_STANDARD
    sun.os.patch.level = unknown
    user.dir = /home/itwenty/Projects/Eclipse/buganalyzer
    sun.jnu.encoding = UTF-8
    sun.awt.enableExtraMouseButtons = true
    sun.management.compiler = HotSpot 64-Bit Tiered Compilers
    user.home = /home/itwenty
    user.timezone = UTC
    file.encoding = UTF-8
    user.name = itwenty
    sun.java.command = org.j2t.buganalyzer.app.App
    sun.arch.data.model = 64
    user.language = en
    awt.toolkit = sun.awt.X11.XToolkit
    file.separator = /
    sun.font.fontmanager = sun.awt.X11FontManager
    sun.io.unicode.encoding = UnicodeLittle
    sun.cpu.endian = little
    sun.cpu.isalist = 
2013-04-29 07:04:44.050+0000: Linux scheduler information:
    noop deadline [cfq] 
    noop deadline [cfq] 
    none
    none
    none
    none
    none
    none
    none
    none
2013-04-29 07:04:44.053+0000: Network information:
    Interface wlan0:
        address: 192.168.1.100
    Interface lo:
        address: 127.0.0.1
2013-04-29 07:04:44.055+0000: --- STARTUP diagnostics END ---
2013-04-29 07:04:44.063+0000: Recovery completed, all transactions have been resolved to a consistent state.
2013-04-29 07:04:44.226+0000: Extension org.neo4j.kernel.KernelExtension[kernel jmx] loaded ok
2013-04-29 07:04:44.231+0000: Extension org.neo4j.kernel.KernelExtension[kernel udc] loaded ok
2013-04-29 07:04:44.232+0000: Extension org.neo4j.kernel.KernelExtension[shell] loaded ok
2013-04-29 07:04:44.236+0000: --- STARTUP diagnostics for KernelDiagnostics:Versions START ---
2013-04-29 07:04:44.236+0000: Graph Database: org.neo4j.kernel.EmbeddedGraphDatabase StoreId[time:1367218750043, id:-4211672775633357685, store version: 13561656364791302]
2013-04-29 07:04:44.236+0000: Kernel version: Neo4j - Graph Database Kernel 1.8.1
2013-04-29 07:04:44.236+0000: Neo4j component versions:
2013-04-29 07:04:44.238+0000:   Neo4j - Graph Database Kernel 1.8.1
2013-04-29 07:04:44.238+0000: --- STARTUP diagnostics for KernelDiagnostics:Versions END ---
2013-04-29 07:04:44.240+0000: --- STARTUP diagnostics for NEO_STORE_VERSIONS START ---
2013-04-29 07:04:44.241+0000: Store versions:
    Store versions:
      NeoStore v0.A.0
      NodeStore v0.A.0
      RelationshipStore v0.A.0
      RelationshipTypeStore v0.A.0
      PropertyStore v0.A.0
      PropertyIndexStore v0.A.0
      StringPropertyStore v0.A.0
      ArrayPropertyStore v0.A.0
2013-04-29 07:04:44.241+0000: --- STARTUP diagnostics for NEO_STORE_VERSIONS END ---
2013-04-29 07:04:44.241+0000: --- STARTUP diagnostics for NEO_STORE_ID_USAGE START ---
2013-04-29 07:04:44.241+0000: Id usage:
    Id usage:
      NodeStore: used=7 high=6
      RelationshipStore: used=2 high=1
      RelationshipTypeStore: used=1 high=0
      PropertyStore: used=7 high=6
      PropertyIndexStore: used=4 high=3
      StringPropertyStore: used=2 high=1
      ArrayPropertyStore: used=1 high=0
2013-04-29 07:04:44.242+0000: --- STARTUP diagnostics for NEO_STORE_ID_USAGE END ---
2013-04-29 07:04:44.242+0000: --- STARTUP diagnostics for PERSISTENCE_WINDOW_POOL_STATS START ---
2013-04-29 07:04:44.242+0000: --- STARTUP diagnostics for PERSISTENCE_WINDOW_POOL_STATS END ---
2013-04-29 07:04:44.242+0000: --- STARTUP diagnostics for KernelDiagnostics:StoreFiles START ---
2013-04-29 07:04:44.243+0000: Disk space on partition (Total / Free / Free %): 233837043712 / 22999093248 / 90
Storage files: (filename : modification date - size)
      neostore.propertystore.db.arrays: 2013-04-29T07:04:43+0000 - 128.00 B
      neostore.propertystore.db.arrays.id: 2013-04-29T07:04:43+0000 - 9.00 B
      index:
        lucene-store.db: 2013-04-29T07:04:34+0000 - 40.00 B
        lucene.log.v0: 2013-04-29T06:59:54+0000 - 16.00 B
        lucene.log.1: 2013-04-29T07:04:44+0000 - 16.00 B
        lucene.log.active: 2013-04-29T07:04:44+0000 - 4.00 B
        lucene.log.v1: 2013-04-29T07:04:34+0000 - 16.00 B
      - Total: 2013-04-29T07:04:44+0000 - 92.00 B
      neostore.relationshiptypestore.db: 2013-04-29T07:04:43+0000 - 5.00 B
      nioneo_logical.log.v0: 2013-04-29T06:59:54+0000 - 2.98 kB
      neostore.propertystore.db: 2013-04-29T07:04:43+0000 - 287.00 B
      neostore.propertystore.db.index.keys.id: 2013-04-29T07:04:43+0000 - 9.00 B
      active_tx_log: 2013-04-29T06:59:12+0000 - 11.00 B
      neostore.id: 2013-04-29T07:04:43+0000 - 9.00 B
      neostore.relationshiptypestore.db.names: 2013-04-29T07:04:43+0000 - 76.00 B
      nioneo_logical.log.1: 2013-04-29T07:04:43+0000 - 16.00 B
      neostore.propertystore.db.id: 2013-04-29T07:04:43+0000 - 65.00 B
      neostore: 2013-04-29T07:04:43+0000 - 54.00 B
      lock: 2013-04-29T07:04:43+0000 - 0.00 B
      neostore.nodestore.db: 2013-04-29T07:04:43+0000 - 63.00 B
      neostore.propertystore.db.strings: 2013-04-29T07:04:43+0000 - 256.00 B
      neostore.relationshipstore.db: 2013-04-29T07:04:43+0000 - 66.00 B
      neostore.propertystore.db.strings.id: 2013-04-29T07:04:43+0000 - 17.00 B
      nioneo_logical.log.active: 2013-04-29T07:04:43+0000 - 4.00 B
      neostore.relationshiptypestore.db.names.id: 2013-04-29T07:04:43+0000 - 9.00 B
      messages.log: 2013-04-29T07:04:44+0000 - 53.91 kB
      neostore.relationshipstore.db.id: 2013-04-29T07:04:43+0000 - 25.00 B
      neostore.propertystore.db.index.id: 2013-04-29T07:04:43+0000 - 9.00 B
      neostore.propertystore.db.index.keys: 2013-04-29T07:04:44+0000 - 1.00 kB
      tm_tx_log.1: 2013-04-29T07:04:44+0000 - 0.00 B
      neostore.nodestore.db.id: 2013-04-29T07:04:43+0000 - 65.00 B
      neostore.relationshiptypestore.db.id: 2013-04-29T07:04:43+0000 - 9.00 B
      nioneo_logical.log.v1: 2013-04-29T07:04:34+0000 - 2.32 kB
      neostore.propertystore.db.index: 2013-04-29T07:04:44+0000 - 1.02 kB
2013-04-29 07:04:44.250+0000: --- STARTUP diagnostics for KernelDiagnostics:StoreFiles END ---
2013-04-29 07:04:44.252+0000: Started - database is now available
2013-04-29 07:04:44.252+0000: GC Monitor started. 
2013-04-29 07:05:43.527+0000: Stopping - database is now unavailable
2013-04-29 07:05:43.604+0000: TM shutting down
2013-04-29 07:05:43.627+0000: GC Monitor stopped. 
2013-04-29 07:05:43.647+0000: Closed log /home/itwenty/Projects/Eclipse/buganalyzer/target/neo4j-db-ReadXMLFileNull/index/lucene.log
2013-04-29 07:05:43.794+0000: Closed log /home/itwenty/Projects/Eclipse/buganalyzer/target/neo4j-db-ReadXMLFileNull/nioneo_logical.log
2013-04-29 07:05:43.794+0000: /home/itwenty/Projects/Eclipse/buganalyzer/target/neo4j-db-ReadXMLFileNull/neostore.relationshiptypestore.db.names hit=0 miss=2 switches=0 ooe=0
2013-04-29 07:05:43.843+0000: /home/itwenty/Projects/Eclipse/buganalyzer/target/neo4j-db-ReadXMLFileNull/neostore.relationshiptypestore.db hit=0 miss=1 switches=0 ooe=0
2013-04-29 07:05:43.912+0000: /home/itwenty/Projects/Eclipse/buganalyzer/target/neo4j-db-ReadXMLFileNull/neostore.propertystore.db.strings hit=4 miss=0 switches=0 ooe=0
2013-04-29 07:05:43.990+0000: /home/itwenty/Projects/Eclipse/buganalyzer/target/neo4j-db-ReadXMLFileNull/neostore.propertystore.db.index.keys hit=8 miss=0 switches=0 ooe=0
2013-04-29 07:05:44.046+0000: /home/itwenty/Projects/Eclipse/buganalyzer/target/neo4j-db-ReadXMLFileNull/neostore.propertystore.db.index hit=4 miss=0 switches=0 ooe=0
2013-04-29 07:05:44.288+0000: /home/itwenty/Projects/Eclipse/buganalyzer/target/neo4j-db-ReadXMLFileNull/neostore.propertystore.db.arrays hit=0 miss=0 switches=0 ooe=0
2013-04-29 07:05:44.357+0000: /home/itwenty/Projects/Eclipse/buganalyzer/target/neo4j-db-ReadXMLFileNull/neostore.propertystore.db hit=25 miss=0 switches=0 ooe=0
2013-04-29 07:05:44.447+0000: /home/itwenty/Projects/Eclipse/buganalyzer/target/neo4j-db-ReadXMLFileNull/neostore.relationshipstore.db hit=5 miss=0 switches=0 ooe=0
2013-04-29 07:05:44.547+0000: /home/itwenty/Projects/Eclipse/buganalyzer/target/neo4j-db-ReadXMLFileNull/neostore.nodestore.db hit=34 miss=0 switches=0 ooe=0
2013-04-29 07:05:44.664+0000: /home/itwenty/Projects/Eclipse/buganalyzer/target/neo4j-db-ReadXMLFileNull/neostore hit=0 miss=26 switches=0 ooe=0
2013-04-29 07:05:44.726+0000: NeoStore closed
2013-04-29 07:05:44.726+0000: --- SHUTDOWN diagnostics START ---
2013-04-29 07:05:44.726+0000: --- SHUTDOWN diagnostics END ---
2013-04-29 07:06:57.141+0000: WARNING! Deprecated configuration options used. See manual for details
2013-04-29 07:06:57.154+0000: cannot configure writers and searchers individually since they go together
2013-04-29 07:06:57.155+0000: WARNING! You are using an unsupported Java runtime. Please use JDK 6.
2013-04-29 07:06:57.235+0000: [/home/itwenty/Projects/Eclipse/buganalyzer/target/neo4j-db-ReadXMLFileNull/neostore.relationshiptypestore.db.names] brickCount=0 brickSize=0b mappedMem=0b (storeSize=76b)
2013-04-29 07:06:57.238+0000: [/home/itwenty/Projects/Eclipse/buganalyzer/target/neo4j-db-ReadXMLFileNull/neostore.relationshiptypestore.db] brickCount=0 brickSize=0b mappedMem=0b (storeSize=5b)
2013-04-29 07:06:57.238+0000: [/home/itwenty/Projects/Eclipse/buganalyzer/target/neo4j-db-ReadXMLFileNull/neostore.propertystore.db.strings] brickCount=0 brickSize=275712b mappedMem=275775488b (storeSize=256b)
2013-04-29 07:06:57.239+0000: [/home/itwenty/Projects/Eclipse/buganalyzer/target/neo4j-db-ReadXMLFileNull/neostore.propertystore.db.index.keys] brickCount=0 brickSize=1026b mappedMem=1048576b (storeSize=190b)
2013-04-29 07:06:57.240+0000: [/home/itwenty/Projects/Eclipse/buganalyzer/target/neo4j-db-ReadXMLFileNull/neostore.propertystore.db.index] brickCount=0 brickSize=1044b mappedMem=1048576b (storeSize=36b)
2013-04-29 07:06:57.241+0000: [/home/itwenty/Projects/Eclipse/buganalyzer/target/neo4j-db-ReadXMLFileNull/neostore.propertystore.db.arrays] brickCount=0 brickSize=312448b mappedMem=312475648b (storeSize=128b)
2013-04-29 07:06:57.244+0000: [/home/itwenty/Projects/Eclipse/buganalyzer/target/neo4j-db-ReadXMLFileNull/neostore.propertystore.db] brickCount=0 brickSize=323982b mappedMem=324009984b (storeSize=287b)
2013-04-29 07:06:57.246+0000: [/home/itwenty/Projects/Eclipse/buganalyzer/target/neo4j-db-ReadXMLFileNull/neostore.relationshipstore.db] brickCount=0 brickSize=396330b mappedMem=396361728b (storeSize=66b)
2013-04-29 07:06:57.247+0000: [/home/itwenty/Projects/Eclipse/buganalyzer/target/neo4j-db-ReadXMLFileNull/neostore.nodestore.db] brickCount=0 brickSize=89127b mappedMem=89128960b (storeSize=63b)
2013-04-29 07:06:57.248+0000: [/home/itwenty/Projects/Eclipse/buganalyzer/target/neo4j-db-ReadXMLFileNull/neostore] brickCount=0 brickSize=0b mappedMem=0b (storeSize=54b)
2013-04-29 07:06:57.268+0000: Opened logical log [/home/itwenty/Projects/Eclipse/buganalyzer/target/neo4j-db-ReadXMLFileNull/nioneo_logical.log.1] version=3, lastTxId=33 (clean)
2013-04-29 07:06:57.305+0000: TM opening log: /home/itwenty/Projects/Eclipse/buganalyzer/target/neo4j-db-ReadXMLFileNull/tm_tx_log.1
2013-04-29 07:06:57.329+0000: Opened logical log [/home/itwenty/Projects/Eclipse/buganalyzer/target/neo4j-db-ReadXMLFileNull/index/lucene.log.1] version=3, lastTxId=1 (clean)
2013-04-29 07:06:57.344+0000: --- STARTUP diagnostics START ---
2013-04-29 07:06:57.347+0000: Neo4j Kernel properties:
    forced_kernel_id=
    read_only=false
    neo4j.ext.udc.host=udc.neo4j.org
    logical_log=nioneo_logical.log
    node_auto_indexing=false
    intercept_committing_transactions=false
    remote_shell_name=shell
    cache_type=soft
    intercept_deserialized_transactions=false
    lucene_searcher_cache_size=2147483647
    neo4j.ext.udc.interval=86400000
    use_memory_mapped_buffers=true
    rebuild_idgenerators_fast=true
    neostore.propertystore.db.index.keys.mapped_memory=1M
    neostore.propertystore.db.arrays.mapped_memory=298M
    neostore.propertystore.db.strings.mapped_memory=263M
    log_mapped_memory_stats_filename=mapped_memory_stats.log
    log_mapped_memory_stats_interval=1000000
    gcr_cache_min_log_interval=60s
    relationship_grab_size=100
    relationship_auto_indexing=false
    remote_shell_read_only=false
    node_cache_array_fraction=1.0
    allow_store_upgrade=false
    execution_guard_enabled=false
    relationship_cache_array_fraction=1.0
    remote_logging_host=127.0.0.1
    store_dir=target/neo4j-db-ReadXMLFileNull
    online_backup_enabled=false
    remote_logging_port=4560
    gc_monitor_threshold=200ms
    array_block_size=120
    load_kernel_extensions=true
    neostore.relationshipstore.db.mapped_memory=378M
    keep_logical_logs=true
    dump_configuration=false
    gc_monitor_wait_time=100ms
    neostore.nodestore.db.mapped_memory=85M
    neo4j.ext.udc.first_delay=600000
    remote_shell_enabled=false
    neo4j.ext.udc.reg=unreg
    remote_shell_port=1337
    log_mapped_memory_stats=false
    neo_store=neostore
    mapped_memory_page_size=1M
    query_cache_size=100
    logging.threshold_for_rotation=104857600
    neostore.propertystore.db.index.mapped_memory=1M
    backup_slave=false
    neostore.propertystore.db.mapped_memory=309M
    string_block_size=120
    grab_file_lock=true
    remote_logging_enabled=false
    neo4j.ext.udc.enabled=true
    all_stores_total_mapped_memory_size=500M
    online_backup_port=6362
2013-04-29 07:06:57.353+0000: Diagnostics providers:
    org.neo4j.kernel.configuration.Config
    org.neo4j.kernel.info.DiagnosticsManager
    SYSTEM_MEMORY
    JAVA_MEMORY
    OPERATING_SYSTEM
    JAVA_VIRTUAL_MACHINE
    CLASSPATH
    LIBRARY_PATH
    SYSTEM_PROPERTIES
    LINUX_SCHEDULERS
    NETWORK
2013-04-29 07:06:57.354+0000: System memory information:
    Total Physical memory: 3.73 GB
    Free Physical memory: 1.96 GB
    Committed virtual memory: 2.72 GB
    Total swap space: 0.00 B
    Free swap space: 0.00 B
2013-04-29 07:06:57.358+0000: JVM memory information:
    Free  memory: 41.71 MB
    Total memory: 57.31 MB
    Max   memory: 849.81 MB
    Garbage Collector: PS Scavenge: [PS Eden Space, PS Survivor Space]
    Garbage Collector: PS MarkSweep: [PS Eden Space, PS Survivor Space, PS Old Gen, PS Perm Gen]
    Memory Pool: Code Cache (Non-heap memory): committed=2.44 MB, used=669.25 kB, max=48.00 MB, threshold=0.00 B
    Memory Pool: PS Eden Space (Heap memory): committed=15.00 MB, used=10.60 MB, max=313.75 MB, threshold=?
    Memory Pool: PS Survivor Space (Heap memory): committed=2.44 MB, used=2.44 MB, max=2.44 MB, threshold=?
    Memory Pool: PS Old Gen (Heap memory): committed=39.88 MB, used=2.57 MB, max=637.38 MB, threshold=0.00 B
    Memory Pool: PS Perm Gen (Non-heap memory): committed=20.75 MB, used=17.69 MB, max=166.00 MB, threshold=0.00 B
2013-04-29 07:06:57.363+0000: Operating system information:
    Operating System: Linux; version: 3.8.8-2-ARCH; arch: amd64; cpus: 4
    Max number of file descriptors: 4096
    Number of open file descriptors: 58
    Process id: 3280@leviathan-lin
    Byte order: LITTLE_ENDIAN
    Local timezone: UTC
2013-04-29 07:06:57.364+0000: JVM information:
    VM Name: OpenJDK 64-Bit Server VM
    VM Vendor: Oracle Corporation
    VM Version: 23.7-b01
    JIT compiler: HotSpot 64-Bit Tiered Compilers
    VM Arguments: [-Dfile.encoding=UTF-8]
2013-04-29 07:06:57.365+0000: Java classpath:
     [bootstrap] /usr/lib/jvm/java-7-openjdk/jre/lib/resources.jar
     [classpath + loader.0] file:/home/itwenty/Projects/neo4j-community-1.8.1/lib/neo4j-lucene-index-1.8.1.jar
     [classpath + loader.0] file:/home/itwenty/Downloads/neo4j-plugin/org-gephi-neo4j.jar
     [classpath + loader.0] file:/home/itwenty/Downloads/neo4j-plugin/org-gephi-neo4j-plugin.jar
     [bootstrap] /usr/lib/jvm/java-7-openjdk/jre/lib/plugin.jar
     [classpath + loader.0] file:/home/itwenty/Projects/neo4j-community-1.8.1/lib/neo4j-cypher-1.8.1.jar
     [classpath + loader.0] file:/home/itwenty/Projects/neo4j-community-1.8.1/lib/scala-library-2.9.1-1.jar
     [bootstrap] /usr/lib/jvm/java-7-openjdk/jre/lib/charsets.jar
     [loader.1] file:/usr/lib/jvm/java-7-openjdk/jre/lib/ext/zipfs.jar
     [loader.1] file:/usr/lib/jvm/java-7-openjdk/jre/lib/ext/sunpkcs11.jar
     [classpath + loader.0] file:/home/itwenty/Downloads/gephi-toolkit-0.8.1-all/gephi-toolkit.jar
     [classpath + loader.0] file:/home/itwenty/Projects/neo4j-community-1.8.1/lib/neo4j-jmx-1.8.1.jar
     [bootstrap] /usr/lib/jvm/java-7-openjdk/jre/lib/rt.jar
     [bootstrap] /usr/lib/jvm/java-7-openjdk/jre/classes
     [classpath + loader.0] file:/home/itwenty/Projects/neo4j-community-1.8.1/lib/neo4j-udc-1.8.1.jar
     [classpath + loader.0] file:/home/itwenty/Projects/neo4j-community-1.8.1/lib/org.apache.servicemix.bundles.jline-0.9.94_1.jar
     [bootstrap] /usr/lib/jvm/java-7-openjdk/jre/lib/jsse.jar
     [classpath + loader.0] file:/home/itwenty/Projects/neo4j-community-1.8.1/lib/neo4j-management-1.8.1.jar
     [classpath + loader.0] file:/home/itwenty/Projects/Eclipse/Calculator/src/
     [classpath + loader.0] file:/home/itwenty/Projects/neo4j-community-1.8.1/lib/neo4j-shell-1.8.1.jar
     [bootstrap] /usr/lib/jvm/java-7-openjdk/jre/lib/sunrsasign.jar
     [classpath + loader.0] file:/home/itwenty/Projects/neo4j-community-1.8.1/lib/neo4j-kernel-1.8.1.jar
     [loader.1] file:/usr/lib/jvm/java-7-openjdk/jre/lib/ext/dnsns.jar
     [bootstrap] /usr/lib/jvm/java-7-openjdk/jre/lib/jce.jar
     [classpath + loader.0] file:/home/itwenty/Downloads/neo4j-plugin/org-gephi-desktop-neo4j.jar
     [classpath + loader.0] file:/home/itwenty/Projects/neo4j-community-1.8.1/lib/neo4j-graph-algo-1.8.1.jar
     [classpath + loader.0] file:/home/itwenty/Projects/neo4j-community-1.8.1/lib/geronimo-jta_1.1_spec-1.1.1.jar
     [loader.1] file:/usr/lib/jvm/java-7-openjdk/jre/lib/ext/sunjce_provider.jar
     [loader.1] file:/usr/lib/jvm/java-7-openjdk/jre/lib/ext/pulse-java.jar
     [loader.1] file:/usr/lib/jvm/java-7-openjdk/jre/lib/ext/localedata.jar
     [classpath + loader.0] file:/home/itwenty/Projects/neo4j-community-1.8.1/lib/neo4j-graph-matching-1.8.1.jar
     [bootstrap] /usr/lib/jvm/java-7-openjdk/jre/lib/jfr.jar
     [bootstrap] /usr/lib/jvm/java-7-openjdk/jre/lib/netx.jar
     [classpath + loader.0] file:/home/itwenty/Projects/neo4j-community-1.8.1/lib/lucene-core-3.5.0.jar
     [bootstrap] /usr/lib/jvm/java-7-openjdk/jre/lib/rhino.jar
     [classpath + loader.0] file:/home/itwenty/Projects/Eclipse/buganalyzer/bin/
     [classpath + loader.0] file:/home/itwenty/Projects/neo4j-community-1.8.1/lib/server-api-1.8.1.jar
     [classpath + loader.0] file:/home/itwenty/Downloads/neo4j-plugin/org-gephi-lib-neo4j.jar
2013-04-29 07:06:57.367+0000: Library path:
    /usr/java/packages/lib/amd64
    /usr/lib
    /usr/lib
    /usr/lib
    /usr/lib
2013-04-29 07:06:57.368+0000: System.properties:
    sun.boot.library.path = /usr/lib/jvm/java-7-openjdk/jre/lib/amd64
    path.separator = :
    file.encoding.pkg = sun.io
    user.country = US
    sun.java.launcher = SUN_STANDARD
    sun.os.patch.level = unknown
    user.dir = /home/itwenty/Projects/Eclipse/buganalyzer
    sun.jnu.encoding = UTF-8
    sun.awt.enableExtraMouseButtons = true
    sun.management.compiler = HotSpot 64-Bit Tiered Compilers
    user.home = /home/itwenty
    user.timezone = UTC
    file.encoding = UTF-8
    user.name = itwenty
    sun.java.command = org.j2t.buganalyzer.app.App
    sun.arch.data.model = 64
    user.language = en
    awt.toolkit = sun.awt.X11.XToolkit
    file.separator = /
    sun.font.fontmanager = sun.awt.X11FontManager
    sun.io.unicode.encoding = UnicodeLittle
    sun.cpu.endian = little
    sun.cpu.isalist = 
2013-04-29 07:06:57.369+0000: Linux scheduler information:
    noop deadline [cfq] 
    noop deadline [cfq] 
    none
    none
    none
    none
    none
    none
    none
    none
2013-04-29 07:06:57.372+0000: Network information:
    Interface wlan0:
        address: 192.168.1.100
    Interface lo:
        address: 127.0.0.1
2013-04-29 07:06:57.374+0000: --- STARTUP diagnostics END ---
2013-04-29 07:06:57.382+0000: Recovery completed, all transactions have been resolved to a consistent state.
2013-04-29 07:06:57.545+0000: Extension org.neo4j.kernel.KernelExtension[kernel jmx] loaded ok
2013-04-29 07:06:57.550+0000: Extension org.neo4j.kernel.KernelExtension[kernel udc] loaded ok
2013-04-29 07:06:57.551+0000: Extension org.neo4j.kernel.KernelExtension[shell] loaded ok
2013-04-29 07:06:57.555+0000: --- STARTUP diagnostics for KernelDiagnostics:Versions START ---
2013-04-29 07:06:57.555+0000: Graph Database: org.neo4j.kernel.EmbeddedGraphDatabase StoreId[time:1367218750043, id:-4211672775633357685, store version: 13561656364791302]
2013-04-29 07:06:57.555+0000: Kernel version: Neo4j - Graph Database Kernel 1.8.1
2013-04-29 07:06:57.555+0000: Neo4j component versions:
2013-04-29 07:06:57.556+0000:   Neo4j - Graph Database Kernel 1.8.1
2013-04-29 07:06:57.556+0000: --- STARTUP diagnostics for KernelDiagnostics:Versions END ---
2013-04-29 07:06:57.559+0000: --- STARTUP diagnostics for NEO_STORE_VERSIONS START ---
2013-04-29 07:06:57.559+0000: Store versions:
    Store versions:
      NeoStore v0.A.0
      NodeStore v0.A.0
      RelationshipStore v0.A.0
      RelationshipTypeStore v0.A.0
      PropertyStore v0.A.0
      PropertyIndexStore v0.A.0
      StringPropertyStore v0.A.0
      ArrayPropertyStore v0.A.0
2013-04-29 07:06:57.559+0000: --- STARTUP diagnostics for NEO_STORE_VERSIONS END ---
2013-04-29 07:06:57.559+0000: --- STARTUP diagnostics for NEO_STORE_ID_USAGE START ---
2013-04-29 07:06:57.559+0000: Id usage:
    Id usage:
      NodeStore: used=7 high=6
      RelationshipStore: used=2 high=1
      RelationshipTypeStore: used=1 high=0
      PropertyStore: used=7 high=6
      PropertyIndexStore: used=4 high=3
      StringPropertyStore: used=2 high=1
      ArrayPropertyStore: used=1 high=0
2013-04-29 07:06:57.560+0000: --- STARTUP diagnostics for NEO_STORE_ID_USAGE END ---
2013-04-29 07:06:57.560+0000: --- STARTUP diagnostics for PERSISTENCE_WINDOW_POOL_STATS START ---
2013-04-29 07:06:57.560+0000: --- STARTUP diagnostics for PERSISTENCE_WINDOW_POOL_STATS END ---
2013-04-29 07:06:57.561+0000: --- STARTUP diagnostics for KernelDiagnostics:StoreFiles START ---
2013-04-29 07:06:57.561+0000: Disk space on partition (Total / Free / Free %): 233837043712 / 22999044096 / 90
Storage files: (filename : modification date - size)
      nioneo_logical.log.v2: 2013-04-29T07:05:43+0000 - 2.32 kB
      neostore.propertystore.db.arrays: 2013-04-29T07:06:57+0000 - 128.00 B
      neostore.propertystore.db.arrays.id: 2013-04-29T07:06:57+0000 - 9.00 B
      index:
        lucene-store.db: 2013-04-29T07:05:43+0000 - 40.00 B
        lucene.log.v0: 2013-04-29T06:59:54+0000 - 16.00 B
        lucene.log.v2: 2013-04-29T07:05:43+0000 - 16.00 B
        lucene.log.1: 2013-04-29T07:06:57+0000 - 16.00 B
        lucene.log.active: 2013-04-29T07:06:57+0000 - 4.00 B
        lucene.log.v1: 2013-04-29T07:04:34+0000 - 16.00 B
      - Total: 2013-04-29T07:06:57+0000 - 108.00 B
      neostore.relationshiptypestore.db: 2013-04-29T07:06:57+0000 - 5.00 B
      nioneo_logical.log.v0: 2013-04-29T06:59:54+0000 - 2.98 kB
      neostore.propertystore.db: 2013-04-29T07:06:57+0000 - 287.00 B
      neostore.propertystore.db.index.keys.id: 2013-04-29T07:06:57+0000 - 9.00 B
      active_tx_log: 2013-04-29T06:59:12+0000 - 11.00 B
      neostore.id: 2013-04-29T07:06:57+0000 - 9.00 B
      neostore.relationshiptypestore.db.names: 2013-04-29T07:06:57+0000 - 76.00 B
      nioneo_logical.log.1: 2013-04-29T07:06:57+0000 - 16.00 B
      neostore.propertystore.db.id: 2013-04-29T07:06:57+0000 - 65.00 B
      neostore: 2013-04-29T07:06:57+0000 - 54.00 B
      lock: 2013-04-29T07:06:57+0000 - 0.00 B
      neostore.nodestore.db: 2013-04-29T07:06:57+0000 - 63.00 B
      neostore.propertystore.db.strings: 2013-04-29T07:06:57+0000 - 256.00 B
      neostore.relationshipstore.db: 2013-04-29T07:06:57+0000 - 66.00 B
      neostore.propertystore.db.strings.id: 2013-04-29T07:06:57+0000 - 17.00 B
      nioneo_logical.log.active: 2013-04-29T07:06:57+0000 - 4.00 B
      neostore.relationshiptypestore.db.names.id: 2013-04-29T07:06:57+0000 - 9.00 B
      messages.log: 2013-04-29T07:06:57+0000 - 72.17 kB
      neostore.relationshipstore.db.id: 2013-04-29T07:06:57+0000 - 25.00 B
      neostore.propertystore.db.index.id: 2013-04-29T07:06:57+0000 - 9.00 B
      neostore.propertystore.db.index.keys: 2013-04-29T07:06:57+0000 - 1.00 kB
      tm_tx_log.1: 2013-04-29T07:06:57+0000 - 0.00 B
      neostore.nodestore.db.id: 2013-04-29T07:06:57+0000 - 65.00 B
      neostore.relationshiptypestore.db.id: 2013-04-29T07:06:57+0000 - 9.00 B
      nioneo_logical.log.v1: 2013-04-29T07:04:34+0000 - 2.32 kB
      neostore.propertystore.db.index: 2013-04-29T07:06:57+0000 - 1.02 kB
2013-04-29 07:06:57.569+0000: --- STARTUP diagnostics for KernelDiagnostics:StoreFiles END ---
2013-04-29 07:06:57.571+0000: Started - database is now available
2013-04-29 07:06:57.571+0000: GC Monitor started. 
2013-04-29 07:07:44.353+0000: Stopping - database is now unavailable
2013-04-29 07:07:44.422+0000: TM shutting down
2013-04-29 07:07:44.429+0000: GC Monitor stopped. 
2013-04-29 07:07:44.465+0000: Closed log /home/itwenty/Projects/Eclipse/buganalyzer/target/neo4j-db-ReadXMLFileNull/index/lucene.log
2013-04-29 07:07:44.601+0000: Closed log /home/itwenty/Projects/Eclipse/buganalyzer/target/neo4j-db-ReadXMLFileNull/nioneo_logical.log
2013-04-29 07:07:44.602+0000: /home/itwenty/Projects/Eclipse/buganalyzer/target/neo4j-db-ReadXMLFileNull/neostore.relationshiptypestore.db.names hit=0 miss=2 switches=0 ooe=0
2013-04-29 07:07:44.648+0000: /home/itwenty/Projects/Eclipse/buganalyzer/target/neo4j-db-ReadXMLFileNull/neostore.relationshiptypestore.db hit=0 miss=1 switches=0 ooe=0
2013-04-29 07:07:44.715+0000: /home/itwenty/Projects/Eclipse/buganalyzer/target/neo4j-db-ReadXMLFileNull/neostore.propertystore.db.strings hit=4 miss=0 switches=0 ooe=0
2013-04-29 07:07:44.816+0000: /home/itwenty/Projects/Eclipse/buganalyzer/target/neo4j-db-ReadXMLFileNull/neostore.propertystore.db.index.keys hit=8 miss=0 switches=0 ooe=0
2013-04-29 07:07:44.883+0000: /home/itwenty/Projects/Eclipse/buganalyzer/target/neo4j-db-ReadXMLFileNull/neostore.propertystore.db.index hit=4 miss=0 switches=0 ooe=0
2013-04-29 07:07:44.938+0000: /home/itwenty/Projects/Eclipse/buganalyzer/target/neo4j-db-ReadXMLFileNull/neostore.propertystore.db.arrays hit=0 miss=0 switches=0 ooe=0
2013-04-29 07:07:45.005+0000: /home/itwenty/Projects/Eclipse/buganalyzer/target/neo4j-db-ReadXMLFileNull/neostore.propertystore.db hit=25 miss=0 switches=0 ooe=0
2013-04-29 07:07:45.106+0000: /home/itwenty/Projects/Eclipse/buganalyzer/target/neo4j-db-ReadXMLFileNull/neostore.relationshipstore.db hit=5 miss=0 switches=0 ooe=0
2013-04-29 07:07:45.206+0000: /home/itwenty/Projects/Eclipse/buganalyzer/target/neo4j-db-ReadXMLFileNull/neostore.nodestore.db hit=34 miss=0 switches=0 ooe=0
2013-04-29 07:07:45.305+0000: /home/itwenty/Projects/Eclipse/buganalyzer/target/neo4j-db-ReadXMLFileNull/neostore hit=0 miss=26 switches=0 ooe=0
2013-04-29 07:07:45.362+0000: NeoStore closed
2013-04-29 07:07:45.363+0000: --- SHUTDOWN diagnostics START ---
2013-04-29 07:07:45.363+0000: --- SHUTDOWN diagnostics END ---
