2013-04-28 21:27:58.039+0000: WARNING! Deprecated configuration options used. See manual for details
2013-04-28 21:27:58.052+0000: cannot configure writers and searchers individually since they go together
2013-04-28 21:27:58.054+0000: WARNING! You are using an unsupported Java runtime. Please use JDK 6.
2013-04-28 21:27:58.113+0000: Creating new db @ /home/itwenty/Projects/Eclipse/buganalyzer/target/neo4j-db-hhh/neostore
2013-04-28 21:27:58.302+0000: [/home/itwenty/Projects/Eclipse/buganalyzer/target/neo4j-db-hhh/neostore.nodestore.db] brickCount=0 brickSize=891288b mappedMem=89128960b (storeSize=0b)
2013-04-28 21:27:58.345+0000: /home/itwenty/Projects/Eclipse/buganalyzer/target/neo4j-db-hhh/neostore.nodestore.db hit=1 miss=0 switches=0 ooe=0
2013-04-28 21:27:59.099+0000: [/home/itwenty/Projects/Eclipse/buganalyzer/target/neo4j-db-hhh/neostore.relationshiptypestore.db.names] brickCount=0 brickSize=0b mappedMem=0b (storeSize=38b)
2013-04-28 21:27:59.104+0000: [/home/itwenty/Projects/Eclipse/buganalyzer/target/neo4j-db-hhh/neostore.relationshiptypestore.db] brickCount=0 brickSize=0b mappedMem=0b (storeSize=0b)
2013-04-28 21:27:59.133+0000: /home/itwenty/Projects/Eclipse/buganalyzer/target/neo4j-db-hhh/neostore.relationshiptypestore.db.names hit=0 miss=0 switches=0 ooe=0
2013-04-28 21:27:59.188+0000: /home/itwenty/Projects/Eclipse/buganalyzer/target/neo4j-db-hhh/neostore.relationshiptypestore.db hit=0 miss=0 switches=0 ooe=0
2013-04-28 21:27:59.234+0000: [/home/itwenty/Projects/Eclipse/buganalyzer/target/neo4j-db-hhh/neostore.relationshiptypestore.db.names] brickCount=0 brickSize=0b mappedMem=0b (storeSize=38b)
2013-04-28 21:27:59.234+0000: [/home/itwenty/Projects/Eclipse/buganalyzer/target/neo4j-db-hhh/neostore.relationshiptypestore.db] brickCount=0 brickSize=0b mappedMem=0b (storeSize=0b)
2013-04-28 21:27:59.235+0000: [/home/itwenty/Projects/Eclipse/buganalyzer/target/neo4j-db-hhh/neostore.propertystore.db.strings] brickCount=0 brickSize=275712b mappedMem=275775488b (storeSize=128b)
2013-04-28 21:27:59.236+0000: [/home/itwenty/Projects/Eclipse/buganalyzer/target/neo4j-db-hhh/neostore.propertystore.db.index.keys] brickCount=0 brickSize=1026b mappedMem=1048576b (storeSize=38b)
2013-04-28 21:27:59.239+0000: [/home/itwenty/Projects/Eclipse/buganalyzer/target/neo4j-db-hhh/neostore.propertystore.db.index] brickCount=0 brickSize=10485b mappedMem=1048576b (storeSize=0b)
2013-04-28 21:27:59.242+0000: [/home/itwenty/Projects/Eclipse/buganalyzer/target/neo4j-db-hhh/neostore.propertystore.db.arrays] brickCount=0 brickSize=312448b mappedMem=312475648b (storeSize=128b)
2013-04-28 21:27:59.245+0000: [/home/itwenty/Projects/Eclipse/buganalyzer/target/neo4j-db-hhh/neostore.propertystore.db] brickCount=0 brickSize=3240066b mappedMem=324009984b (storeSize=0b)
2013-04-28 21:27:59.247+0000: [/home/itwenty/Projects/Eclipse/buganalyzer/target/neo4j-db-hhh/neostore.relationshipstore.db] brickCount=0 brickSize=3963597b mappedMem=396361728b (storeSize=0b)
2013-04-28 21:27:59.247+0000: [/home/itwenty/Projects/Eclipse/buganalyzer/target/neo4j-db-hhh/neostore.nodestore.db] brickCount=0 brickSize=89127b mappedMem=89128960b (storeSize=9b)
2013-04-28 21:27:59.248+0000: [/home/itwenty/Projects/Eclipse/buganalyzer/target/neo4j-db-hhh/neostore] brickCount=0 brickSize=0b mappedMem=0b (storeSize=0b)
2013-04-28 21:27:59.289+0000: /home/itwenty/Projects/Eclipse/buganalyzer/target/neo4j-db-hhh/neostore.relationshiptypestore.db.names hit=0 miss=0 switches=0 ooe=0
2013-04-28 21:27:59.356+0000: /home/itwenty/Projects/Eclipse/buganalyzer/target/neo4j-db-hhh/neostore.relationshiptypestore.db hit=0 miss=0 switches=0 ooe=0
2013-04-28 21:27:59.440+0000: /home/itwenty/Projects/Eclipse/buganalyzer/target/neo4j-db-hhh/neostore.propertystore.db.strings hit=0 miss=0 switches=0 ooe=0
2013-04-28 21:27:59.516+0000: /home/itwenty/Projects/Eclipse/buganalyzer/target/neo4j-db-hhh/neostore.propertystore.db.index.keys hit=0 miss=0 switches=0 ooe=0
2013-04-28 21:27:59.579+0000: /home/itwenty/Projects/Eclipse/buganalyzer/target/neo4j-db-hhh/neostore.propertystore.db.index hit=0 miss=0 switches=0 ooe=0
2013-04-28 21:27:59.654+0000: /home/itwenty/Projects/Eclipse/buganalyzer/target/neo4j-db-hhh/neostore.propertystore.db.arrays hit=0 miss=0 switches=0 ooe=0
2013-04-28 21:27:59.724+0000: /home/itwenty/Projects/Eclipse/buganalyzer/target/neo4j-db-hhh/neostore.propertystore.db hit=0 miss=0 switches=0 ooe=0
2013-04-28 21:27:59.780+0000: /home/itwenty/Projects/Eclipse/buganalyzer/target/neo4j-db-hhh/neostore.relationshipstore.db hit=0 miss=0 switches=0 ooe=0
2013-04-28 21:27:59.865+0000: /home/itwenty/Projects/Eclipse/buganalyzer/target/neo4j-db-hhh/neostore.nodestore.db hit=0 miss=0 switches=0 ooe=0
2013-04-28 21:27:59.970+0000: /home/itwenty/Projects/Eclipse/buganalyzer/target/neo4j-db-hhh/neostore hit=0 miss=8 switches=0 ooe=0
2013-04-28 21:28:00.042+0000: [/home/itwenty/Projects/Eclipse/buganalyzer/target/neo4j-db-hhh/neostore.relationshiptypestore.db.names] brickCount=0 brickSize=0b mappedMem=0b (storeSize=38b)
2013-04-28 21:28:00.043+0000: [/home/itwenty/Projects/Eclipse/buganalyzer/target/neo4j-db-hhh/neostore.relationshiptypestore.db] brickCount=0 brickSize=0b mappedMem=0b (storeSize=0b)
2013-04-28 21:28:00.044+0000: [/home/itwenty/Projects/Eclipse/buganalyzer/target/neo4j-db-hhh/neostore.propertystore.db.strings] brickCount=0 brickSize=275712b mappedMem=275775488b (storeSize=128b)
2013-04-28 21:28:00.045+0000: [/home/itwenty/Projects/Eclipse/buganalyzer/target/neo4j-db-hhh/neostore.propertystore.db.index.keys] brickCount=0 brickSize=1026b mappedMem=1048576b (storeSize=38b)
2013-04-28 21:28:00.046+0000: [/home/itwenty/Projects/Eclipse/buganalyzer/target/neo4j-db-hhh/neostore.propertystore.db.index] brickCount=0 brickSize=10485b mappedMem=1048576b (storeSize=0b)
2013-04-28 21:28:00.046+0000: [/home/itwenty/Projects/Eclipse/buganalyzer/target/neo4j-db-hhh/neostore.propertystore.db.arrays] brickCount=0 brickSize=312448b mappedMem=312475648b (storeSize=128b)
2013-04-28 21:28:00.047+0000: [/home/itwenty/Projects/Eclipse/buganalyzer/target/neo4j-db-hhh/neostore.propertystore.db] brickCount=0 brickSize=3240066b mappedMem=324009984b (storeSize=0b)
2013-04-28 21:28:00.048+0000: [/home/itwenty/Projects/Eclipse/buganalyzer/target/neo4j-db-hhh/neostore.relationshipstore.db] brickCount=0 brickSize=3963597b mappedMem=396361728b (storeSize=0b)
2013-04-28 21:28:00.049+0000: [/home/itwenty/Projects/Eclipse/buganalyzer/target/neo4j-db-hhh/neostore.nodestore.db] brickCount=0 brickSize=89127b mappedMem=89128960b (storeSize=9b)
2013-04-28 21:28:00.050+0000: [/home/itwenty/Projects/Eclipse/buganalyzer/target/neo4j-db-hhh/neostore] brickCount=0 brickSize=0b mappedMem=0b (storeSize=54b)
2013-04-28 21:28:00.065+0000: Opened logical log [/home/itwenty/Projects/Eclipse/buganalyzer/target/neo4j-db-hhh/nioneo_logical.log.1] version=0, lastTxId=1 (clean)
2013-04-28 21:28:00.126+0000: TM new log: tm_tx_log.1
2013-04-28 21:28:00.189+0000: Opened logical log [/home/itwenty/Projects/Eclipse/buganalyzer/target/neo4j-db-hhh/index/lucene.log.1] version=0, lastTxId=1 (clean)
2013-04-28 21:28:00.223+0000: --- STARTUP diagnostics START ---
2013-04-28 21:28:00.225+0000: Neo4j Kernel properties:
    forced_kernel_id=
    read_only=false
    neo4j.ext.udc.host=udc.neo4j.org
    logical_log=nioneo_logical.log
    node_auto_indexing=false
    intercept_committing_transactions=false
    remote_shell_name=shell
    cache_type=soft
    intercept_deserialized_transactions=false
    lucene_searcher_cache_size=2147483647
    neo4j.ext.udc.interval=86400000
    use_memory_mapped_buffers=true
    rebuild_idgenerators_fast=true
    neostore.propertystore.db.index.keys.mapped_memory=1M
    neostore.propertystore.db.arrays.mapped_memory=298M
    neostore.propertystore.db.strings.mapped_memory=263M
    log_mapped_memory_stats_filename=mapped_memory_stats.log
    log_mapped_memory_stats_interval=1000000
    gcr_cache_min_log_interval=60s
    relationship_grab_size=100
    relationship_auto_indexing=false
    remote_shell_read_only=false
    node_cache_array_fraction=1.0
    allow_store_upgrade=false
    execution_guard_enabled=false
    relationship_cache_array_fraction=1.0
    remote_logging_host=127.0.0.1
    store_dir=target/neo4j-db-hhh
    online_backup_enabled=false
    remote_logging_port=4560
    gc_monitor_threshold=200ms
    array_block_size=120
    load_kernel_extensions=true
    neostore.relationshipstore.db.mapped_memory=378M
    keep_logical_logs=true
    dump_configuration=false
    gc_monitor_wait_time=100ms
    neostore.nodestore.db.mapped_memory=85M
    neo4j.ext.udc.first_delay=600000
    remote_shell_enabled=false
    neo4j.ext.udc.reg=unreg
    remote_shell_port=1337
    log_mapped_memory_stats=false
    neo_store=neostore
    mapped_memory_page_size=1M
    query_cache_size=100
    logging.threshold_for_rotation=104857600
    neostore.propertystore.db.index.mapped_memory=1M
    backup_slave=false
    neostore.propertystore.db.mapped_memory=309M
    string_block_size=120
    grab_file_lock=true
    remote_logging_enabled=false
    neo4j.ext.udc.enabled=true
    all_stores_total_mapped_memory_size=500M
    online_backup_port=6362
2013-04-28 21:28:00.229+0000: Diagnostics providers:
    org.neo4j.kernel.configuration.Config
    org.neo4j.kernel.info.DiagnosticsManager
    SYSTEM_MEMORY
    JAVA_MEMORY
    OPERATING_SYSTEM
    JAVA_VIRTUAL_MACHINE
    CLASSPATH
    LIBRARY_PATH
    SYSTEM_PROPERTIES
    LINUX_SCHEDULERS
    NETWORK
2013-04-28 21:28:00.230+0000: System memory information:
    Total Physical memory: 3.73 GB
    Free Physical memory: 1.13 GB
    Committed virtual memory: 2.66 GB
    Total swap space: 0.00 B
    Free swap space: 0.00 B
2013-04-28 21:28:00.235+0000: JVM memory information:
    Free  memory: 39.16 MB
    Total memory: 57.31 MB
    Max   memory: 849.81 MB
    Garbage Collector: PS Scavenge: [PS Eden Space, PS Survivor Space]
    Garbage Collector: PS MarkSweep: [PS Eden Space, PS Survivor Space, PS Old Gen, PS Perm Gen]
    Memory Pool: Code Cache (Non-heap memory): committed=2.44 MB, used=681.81 kB, max=48.00 MB, threshold=0.00 B
    Memory Pool: PS Eden Space (Heap memory): committed=15.00 MB, used=11.73 MB, max=313.75 MB, threshold=?
    Memory Pool: PS Survivor Space (Heap memory): committed=2.44 MB, used=2.42 MB, max=2.44 MB, threshold=?
    Memory Pool: PS Old Gen (Heap memory): committed=39.88 MB, used=4.01 MB, max=637.38 MB, threshold=0.00 B
    Memory Pool: PS Perm Gen (Non-heap memory): committed=20.75 MB, used=17.81 MB, max=166.00 MB, threshold=0.00 B
2013-04-28 21:28:00.242+0000: Operating system information:
    Operating System: Linux; version: 3.8.8-2-ARCH; arch: amd64; cpus: 4
    Max number of file descriptors: 4096
    Number of open file descriptors: 58
    Process id: 2297@leviathan-lin
    Byte order: LITTLE_ENDIAN
    Local timezone: UTC
2013-04-28 21:28:00.244+0000: JVM information:
    VM Name: OpenJDK 64-Bit Server VM
    VM Vendor: Oracle Corporation
    VM Version: 23.7-b01
    JIT compiler: HotSpot 64-Bit Tiered Compilers
    VM Arguments: [-Dfile.encoding=UTF-8]
2013-04-28 21:28:00.246+0000: Java classpath:
     [bootstrap] /usr/lib/jvm/java-7-openjdk/jre/lib/resources.jar
     [classpath + loader.0] file:/home/itwenty/Projects/neo4j-community-1.8.1/lib/neo4j-lucene-index-1.8.1.jar
     [classpath + loader.0] file:/home/itwenty/Downloads/neo4j-plugin/org-gephi-neo4j.jar
     [classpath + loader.0] file:/home/itwenty/Downloads/neo4j-plugin/org-gephi-neo4j-plugin.jar
     [bootstrap] /usr/lib/jvm/java-7-openjdk/jre/lib/plugin.jar
     [classpath + loader.0] file:/home/itwenty/Projects/neo4j-community-1.8.1/lib/neo4j-cypher-1.8.1.jar
     [classpath + loader.0] file:/home/itwenty/Projects/neo4j-community-1.8.1/lib/scala-library-2.9.1-1.jar
     [bootstrap] /usr/lib/jvm/java-7-openjdk/jre/lib/charsets.jar
     [loader.1] file:/usr/lib/jvm/java-7-openjdk/jre/lib/ext/zipfs.jar
     [loader.1] file:/usr/lib/jvm/java-7-openjdk/jre/lib/ext/sunpkcs11.jar
     [classpath + loader.0] file:/home/itwenty/Downloads/gephi-toolkit-0.8.1-all/gephi-toolkit.jar
     [classpath + loader.0] file:/home/itwenty/Projects/neo4j-community-1.8.1/lib/neo4j-jmx-1.8.1.jar
     [bootstrap] /usr/lib/jvm/java-7-openjdk/jre/lib/rt.jar
     [bootstrap] /usr/lib/jvm/java-7-openjdk/jre/classes
     [classpath + loader.0] file:/home/itwenty/Projects/neo4j-community-1.8.1/lib/neo4j-udc-1.8.1.jar
     [classpath + loader.0] file:/home/itwenty/Projects/neo4j-community-1.8.1/lib/org.apache.servicemix.bundles.jline-0.9.94_1.jar
     [bootstrap] /usr/lib/jvm/java-7-openjdk/jre/lib/jsse.jar
     [classpath + loader.0] file:/home/itwenty/Projects/neo4j-community-1.8.1/lib/neo4j-management-1.8.1.jar
     [classpath + loader.0] file:/home/itwenty/Projects/Eclipse/Calculator/src/
     [classpath + loader.0] file:/home/itwenty/Projects/neo4j-community-1.8.1/lib/neo4j-shell-1.8.1.jar
     [bootstrap] /usr/lib/jvm/java-7-openjdk/jre/lib/sunrsasign.jar
     [classpath + loader.0] file:/home/itwenty/Projects/neo4j-community-1.8.1/lib/neo4j-kernel-1.8.1.jar
     [loader.1] file:/usr/lib/jvm/java-7-openjdk/jre/lib/ext/dnsns.jar
     [bootstrap] /usr/lib/jvm/java-7-openjdk/jre/lib/jce.jar
     [classpath + loader.0] file:/home/itwenty/Downloads/neo4j-plugin/org-gephi-desktop-neo4j.jar
     [classpath + loader.0] file:/home/itwenty/Projects/neo4j-community-1.8.1/lib/neo4j-graph-algo-1.8.1.jar
     [classpath + loader.0] file:/home/itwenty/Projects/neo4j-community-1.8.1/lib/geronimo-jta_1.1_spec-1.1.1.jar
     [loader.1] file:/usr/lib/jvm/java-7-openjdk/jre/lib/ext/sunjce_provider.jar
     [loader.1] file:/usr/lib/jvm/java-7-openjdk/jre/lib/ext/pulse-java.jar
     [loader.1] file:/usr/lib/jvm/java-7-openjdk/jre/lib/ext/localedata.jar
     [classpath + loader.0] file:/home/itwenty/Projects/neo4j-community-1.8.1/lib/neo4j-graph-matching-1.8.1.jar
     [bootstrap] /usr/lib/jvm/java-7-openjdk/jre/lib/jfr.jar
     [bootstrap] /usr/lib/jvm/java-7-openjdk/jre/lib/netx.jar
     [classpath + loader.0] file:/home/itwenty/Projects/neo4j-community-1.8.1/lib/lucene-core-3.5.0.jar
     [bootstrap] /usr/lib/jvm/java-7-openjdk/jre/lib/rhino.jar
     [classpath + loader.0] file:/home/itwenty/Projects/Eclipse/buganalyzer/bin/
     [classpath + loader.0] file:/home/itwenty/Projects/neo4j-community-1.8.1/lib/server-api-1.8.1.jar
     [classpath + loader.0] file:/home/itwenty/Downloads/neo4j-plugin/org-gephi-lib-neo4j.jar
2013-04-28 21:28:00.249+0000: Library path:
    /usr/java/packages/lib/amd64
    /usr/lib
    /usr/lib
    /usr/lib
    /usr/lib
2013-04-28 21:28:00.250+0000: System.properties:
    sun.boot.library.path = /usr/lib/jvm/java-7-openjdk/jre/lib/amd64
    path.separator = :
    file.encoding.pkg = sun.io
    user.country = US
    sun.java.launcher = SUN_STANDARD
    sun.os.patch.level = unknown
    user.dir = /home/itwenty/Projects/Eclipse/buganalyzer
    sun.jnu.encoding = UTF-8
    sun.awt.enableExtraMouseButtons = true
    sun.management.compiler = HotSpot 64-Bit Tiered Compilers
    user.home = /home/itwenty
    user.timezone = UTC
    file.encoding = UTF-8
    user.name = itwenty
    sun.java.command = org.j2t.buganalyzer.app.App
    sun.arch.data.model = 64
    user.language = en
    awt.toolkit = sun.awt.X11.XToolkit
    file.separator = /
    sun.font.fontmanager = sun.awt.X11FontManager
    sun.io.unicode.encoding = UnicodeLittle
    sun.cpu.endian = little
    sun.cpu.isalist = 
2013-04-28 21:28:00.251+0000: Linux scheduler information:
    noop deadline [cfq] 
    noop deadline [cfq] 
    noop deadline [cfq] 
    none
    none
    none
    none
    none
    none
    none
    none
2013-04-28 21:28:00.253+0000: Network information:
    Interface wlan0:
        address: 192.168.1.100
    Interface lo:
        address: 127.0.0.1
2013-04-28 21:28:00.255+0000: --- STARTUP diagnostics END ---
2013-04-28 21:28:00.259+0000: Recovery completed, all transactions have been resolved to a consistent state.
2013-04-28 21:28:00.410+0000: Extension org.neo4j.kernel.KernelExtension[kernel jmx] loaded ok
2013-04-28 21:28:00.415+0000: Extension org.neo4j.kernel.KernelExtension[kernel udc] loaded ok
2013-04-28 21:28:00.416+0000: Extension org.neo4j.kernel.KernelExtension[shell] loaded ok
2013-04-28 21:28:00.419+0000: --- STARTUP diagnostics for KernelDiagnostics:Versions START ---
2013-04-28 21:28:00.419+0000: Graph Database: org.neo4j.kernel.EmbeddedGraphDatabase StoreId[time:1367184478114, id:3792521180942331482, store version: 13561656364791302]
2013-04-28 21:28:00.419+0000: Kernel version: Neo4j - Graph Database Kernel 1.8.1
2013-04-28 21:28:00.419+0000: Neo4j component versions:
2013-04-28 21:28:00.420+0000:   Neo4j - Graph Database Kernel 1.8.1
2013-04-28 21:28:00.420+0000: --- STARTUP diagnostics for KernelDiagnostics:Versions END ---
2013-04-28 21:28:00.423+0000: --- STARTUP diagnostics for NEO_STORE_VERSIONS START ---
2013-04-28 21:28:00.424+0000: Store versions:
    Store versions:
      NeoStore v0.A.0
      NodeStore v0.A.0
      RelationshipStore v0.A.0
      RelationshipTypeStore v0.A.0
      PropertyStore v0.A.0
      PropertyIndexStore v0.A.0
      StringPropertyStore v0.A.0
      ArrayPropertyStore v0.A.0
2013-04-28 21:28:00.424+0000: --- STARTUP diagnostics for NEO_STORE_VERSIONS END ---
2013-04-28 21:28:00.424+0000: --- STARTUP diagnostics for NEO_STORE_ID_USAGE START ---
2013-04-28 21:28:00.424+0000: Id usage:
    Id usage:
      NodeStore: used=1 high=0
      RelationshipStore: used=0 high=-1
      RelationshipTypeStore: used=0 high=-1
      PropertyStore: used=0 high=-1
      PropertyIndexStore: used=0 high=-1
      StringPropertyStore: used=1 high=0
      ArrayPropertyStore: used=1 high=0
2013-04-28 21:28:00.425+0000: --- STARTUP diagnostics for NEO_STORE_ID_USAGE END ---
2013-04-28 21:28:00.425+0000: --- STARTUP diagnostics for PERSISTENCE_WINDOW_POOL_STATS START ---
2013-04-28 21:28:00.425+0000: --- STARTUP diagnostics for PERSISTENCE_WINDOW_POOL_STATS END ---
2013-04-28 21:28:00.425+0000: --- STARTUP diagnostics for KernelDiagnostics:StoreFiles START ---
2013-04-28 21:28:00.426+0000: Disk space on partition (Total / Free / Free %): 233837043712 / 22915186688 / 90
Storage files: (filename : modification date - size)
      neostore.propertystore.db.arrays: 2013-04-28T21:28:00+0000 - 128.00 B
      neostore.propertystore.db.arrays.id: 2013-04-28T21:28:00+0000 - 9.00 B
      index:
        lucene-store.db: 2013-04-28T21:28:00+0000 - 40.00 B
        lucene.log.1: 2013-04-28T21:28:00+0000 - 16.00 B
        lucene.log.active: 2013-04-28T21:28:00+0000 - 4.00 B
      - Total: 2013-04-28T21:28:00+0000 - 60.00 B
      neostore.relationshiptypestore.db: 2013-04-28T21:28:00+0000 - 0.00 B
      neostore.propertystore.db: 2013-04-28T21:28:00+0000 - 0.00 B
      neostore.propertystore.db.index.keys.id: 2013-04-28T21:28:00+0000 - 9.00 B
      active_tx_log: 2013-04-28T21:28:00+0000 - 11.00 B
      neostore.id: 2013-04-28T21:28:00+0000 - 9.00 B
      neostore.relationshiptypestore.db.names: 2013-04-28T21:28:00+0000 - 38.00 B
      nioneo_logical.log.1: 2013-04-28T21:28:00+0000 - 16.00 B
      neostore.propertystore.db.id: 2013-04-28T21:28:00+0000 - 9.00 B
      neostore: 2013-04-28T21:28:00+0000 - 54.00 B
      lock: 2013-04-28T21:28:00+0000 - 0.00 B
      neostore.nodestore.db: 2013-04-28T21:28:00+0000 - 9.00 B
      neostore.propertystore.db.strings: 2013-04-28T21:28:00+0000 - 128.00 B
      neostore.relationshipstore.db: 2013-04-28T21:28:00+0000 - 0.00 B
      neostore.propertystore.db.strings.id: 2013-04-28T21:28:00+0000 - 9.00 B
      nioneo_logical.log.active: 2013-04-28T21:28:00+0000 - 4.00 B
      neostore.relationshiptypestore.db.names.id: 2013-04-28T21:28:00+0000 - 9.00 B
      messages.log: 2013-04-28T21:28:00+0000 - 17.32 kB
      neostore.relationshipstore.db.id: 2013-04-28T21:28:00+0000 - 9.00 B
      neostore.propertystore.db.index.id: 2013-04-28T21:28:00+0000 - 9.00 B
      neostore.propertystore.db.index.keys: 2013-04-28T21:28:00+0000 - 38.00 B
      tm_tx_log.1: 2013-04-28T21:28:00+0000 - 0.00 B
      neostore.nodestore.db.id: 2013-04-28T21:28:00+0000 - 9.00 B
      neostore.relationshiptypestore.db.id: 2013-04-28T21:28:00+0000 - 9.00 B
      neostore.propertystore.db.index: 2013-04-28T21:28:00+0000 - 0.00 B
2013-04-28 21:28:00.432+0000: --- STARTUP diagnostics for KernelDiagnostics:StoreFiles END ---
2013-04-28 21:28:00.434+0000: Started - database is now available
2013-04-28 21:28:00.434+0000: GC Monitor started. 
2013-04-28 21:28:12.704+0000: Stopping - database is now unavailable
2013-04-28 21:28:12.750+0000: GC Monitor stopped. 
2013-04-28 21:28:12.756+0000: TM shutting down
2013-04-28 21:28:12.776+0000: Closed log /home/itwenty/Projects/Eclipse/buganalyzer/target/neo4j-db-hhh/index/lucene.log
2013-04-28 21:28:12.832+0000: Closed log /home/itwenty/Projects/Eclipse/buganalyzer/target/neo4j-db-hhh/nioneo_logical.log
2013-04-28 21:28:12.833+0000: /home/itwenty/Projects/Eclipse/buganalyzer/target/neo4j-db-hhh/neostore.relationshiptypestore.db.names hit=0 miss=1 switches=0 ooe=0
2013-04-28 21:28:12.901+0000: /home/itwenty/Projects/Eclipse/buganalyzer/target/neo4j-db-hhh/neostore.relationshiptypestore.db hit=0 miss=1 switches=0 ooe=0
2013-04-28 21:28:12.969+0000: /home/itwenty/Projects/Eclipse/buganalyzer/target/neo4j-db-hhh/neostore.propertystore.db.strings hit=2 miss=0 switches=0 ooe=0
2013-04-28 21:28:13.024+0000: /home/itwenty/Projects/Eclipse/buganalyzer/target/neo4j-db-hhh/neostore.propertystore.db.index.keys hit=4 miss=0 switches=0 ooe=0
2013-04-28 21:28:13.091+0000: /home/itwenty/Projects/Eclipse/buganalyzer/target/neo4j-db-hhh/neostore.propertystore.db.index hit=4 miss=0 switches=0 ooe=0
2013-04-28 21:28:13.158+0000: /home/itwenty/Projects/Eclipse/buganalyzer/target/neo4j-db-hhh/neostore.propertystore.db.arrays hit=0 miss=0 switches=0 ooe=0
2013-04-28 21:28:13.225+0000: /home/itwenty/Projects/Eclipse/buganalyzer/target/neo4j-db-hhh/neostore.propertystore.db hit=7 miss=0 switches=0 ooe=0
2013-04-28 21:28:13.292+0000: /home/itwenty/Projects/Eclipse/buganalyzer/target/neo4j-db-hhh/neostore.relationshipstore.db hit=4 miss=0 switches=0 ooe=0
2013-04-28 21:28:13.359+0000: /home/itwenty/Projects/Eclipse/buganalyzer/target/neo4j-db-hhh/neostore.nodestore.db hit=13 miss=0 switches=0 ooe=0
2013-04-28 21:28:13.440+0000: /home/itwenty/Projects/Eclipse/buganalyzer/target/neo4j-db-hhh/neostore hit=0 miss=24 switches=0 ooe=0
2013-04-28 21:28:13.504+0000: NeoStore closed
2013-04-28 21:28:13.504+0000: --- SHUTDOWN diagnostics START ---
2013-04-28 21:28:13.504+0000: --- SHUTDOWN diagnostics END ---
