2013-04-28 18:13:51.505+0000: WARNING! Deprecated configuration options used. See manual for details
2013-04-28 18:13:51.518+0000: cannot configure writers and searchers individually since they go together
2013-04-28 18:13:51.519+0000: WARNING! You are using an unsupported Java runtime. Please use JDK 6.
2013-04-28 18:13:51.580+0000: Creating new db @ /home/itwenty/Projects/Eclipse/buganalyzer/target/neo4j-db-Calculator/neostore
2013-04-28 18:13:51.777+0000: [/home/itwenty/Projects/Eclipse/buganalyzer/target/neo4j-db-Calculator/neostore.nodestore.db] brickCount=0 brickSize=891288b mappedMem=89128960b (storeSize=0b)
2013-04-28 18:13:51.817+0000: /home/itwenty/Projects/Eclipse/buganalyzer/target/neo4j-db-Calculator/neostore.nodestore.db hit=1 miss=0 switches=0 ooe=0
2013-04-28 18:13:52.666+0000: [/home/itwenty/Projects/Eclipse/buganalyzer/target/neo4j-db-Calculator/neostore.relationshiptypestore.db.names] brickCount=0 brickSize=0b mappedMem=0b (storeSize=38b)
2013-04-28 18:13:52.671+0000: [/home/itwenty/Projects/Eclipse/buganalyzer/target/neo4j-db-Calculator/neostore.relationshiptypestore.db] brickCount=0 brickSize=0b mappedMem=0b (storeSize=0b)
2013-04-28 18:13:52.703+0000: /home/itwenty/Projects/Eclipse/buganalyzer/target/neo4j-db-Calculator/neostore.relationshiptypestore.db.names hit=0 miss=0 switches=0 ooe=0
2013-04-28 18:13:52.772+0000: /home/itwenty/Projects/Eclipse/buganalyzer/target/neo4j-db-Calculator/neostore.relationshiptypestore.db hit=0 miss=0 switches=0 ooe=0
2013-04-28 18:13:52.828+0000: [/home/itwenty/Projects/Eclipse/buganalyzer/target/neo4j-db-Calculator/neostore.relationshiptypestore.db.names] brickCount=0 brickSize=0b mappedMem=0b (storeSize=38b)
2013-04-28 18:13:52.829+0000: [/home/itwenty/Projects/Eclipse/buganalyzer/target/neo4j-db-Calculator/neostore.relationshiptypestore.db] brickCount=0 brickSize=0b mappedMem=0b (storeSize=0b)
2013-04-28 18:13:52.830+0000: [/home/itwenty/Projects/Eclipse/buganalyzer/target/neo4j-db-Calculator/neostore.propertystore.db.strings] brickCount=0 brickSize=275712b mappedMem=275775488b (storeSize=128b)
2013-04-28 18:13:52.831+0000: [/home/itwenty/Projects/Eclipse/buganalyzer/target/neo4j-db-Calculator/neostore.propertystore.db.index.keys] brickCount=0 brickSize=1026b mappedMem=1048576b (storeSize=38b)
2013-04-28 18:13:52.834+0000: [/home/itwenty/Projects/Eclipse/buganalyzer/target/neo4j-db-Calculator/neostore.propertystore.db.index] brickCount=0 brickSize=10485b mappedMem=1048576b (storeSize=0b)
2013-04-28 18:13:52.836+0000: [/home/itwenty/Projects/Eclipse/buganalyzer/target/neo4j-db-Calculator/neostore.propertystore.db.arrays] brickCount=0 brickSize=312448b mappedMem=312475648b (storeSize=128b)
2013-04-28 18:13:52.840+0000: [/home/itwenty/Projects/Eclipse/buganalyzer/target/neo4j-db-Calculator/neostore.propertystore.db] brickCount=0 brickSize=3240066b mappedMem=324009984b (storeSize=0b)
2013-04-28 18:13:52.842+0000: [/home/itwenty/Projects/Eclipse/buganalyzer/target/neo4j-db-Calculator/neostore.relationshipstore.db] brickCount=0 brickSize=3963597b mappedMem=396361728b (storeSize=0b)
2013-04-28 18:13:52.842+0000: [/home/itwenty/Projects/Eclipse/buganalyzer/target/neo4j-db-Calculator/neostore.nodestore.db] brickCount=0 brickSize=89127b mappedMem=89128960b (storeSize=9b)
2013-04-28 18:13:52.843+0000: [/home/itwenty/Projects/Eclipse/buganalyzer/target/neo4j-db-Calculator/neostore] brickCount=0 brickSize=0b mappedMem=0b (storeSize=0b)
2013-04-28 18:13:52.895+0000: /home/itwenty/Projects/Eclipse/buganalyzer/target/neo4j-db-Calculator/neostore.relationshiptypestore.db.names hit=0 miss=0 switches=0 ooe=0
2013-04-28 18:13:52.962+0000: /home/itwenty/Projects/Eclipse/buganalyzer/target/neo4j-db-Calculator/neostore.relationshiptypestore.db hit=0 miss=0 switches=0 ooe=0
2013-04-28 18:13:53.029+0000: /home/itwenty/Projects/Eclipse/buganalyzer/target/neo4j-db-Calculator/neostore.propertystore.db.strings hit=0 miss=0 switches=0 ooe=0
2013-04-28 18:13:53.096+0000: /home/itwenty/Projects/Eclipse/buganalyzer/target/neo4j-db-Calculator/neostore.propertystore.db.index.keys hit=0 miss=0 switches=0 ooe=0
2013-04-28 18:13:53.140+0000: /home/itwenty/Projects/Eclipse/buganalyzer/target/neo4j-db-Calculator/neostore.propertystore.db.index hit=0 miss=0 switches=0 ooe=0
2013-04-28 18:13:53.218+0000: /home/itwenty/Projects/Eclipse/buganalyzer/target/neo4j-db-Calculator/neostore.propertystore.db.arrays hit=0 miss=0 switches=0 ooe=0
2013-04-28 18:13:53.274+0000: /home/itwenty/Projects/Eclipse/buganalyzer/target/neo4j-db-Calculator/neostore.propertystore.db hit=0 miss=0 switches=0 ooe=0
2013-04-28 18:13:53.330+0000: /home/itwenty/Projects/Eclipse/buganalyzer/target/neo4j-db-Calculator/neostore.relationshipstore.db hit=0 miss=0 switches=0 ooe=0
2013-04-28 18:13:53.406+0000: /home/itwenty/Projects/Eclipse/buganalyzer/target/neo4j-db-Calculator/neostore.nodestore.db hit=0 miss=0 switches=0 ooe=0
2013-04-28 18:13:53.508+0000: /home/itwenty/Projects/Eclipse/buganalyzer/target/neo4j-db-Calculator/neostore hit=0 miss=8 switches=0 ooe=0
2013-04-28 18:13:53.569+0000: [/home/itwenty/Projects/Eclipse/buganalyzer/target/neo4j-db-Calculator/neostore.relationshiptypestore.db.names] brickCount=0 brickSize=0b mappedMem=0b (storeSize=38b)
2013-04-28 18:13:53.570+0000: [/home/itwenty/Projects/Eclipse/buganalyzer/target/neo4j-db-Calculator/neostore.relationshiptypestore.db] brickCount=0 brickSize=0b mappedMem=0b (storeSize=0b)
2013-04-28 18:13:53.570+0000: [/home/itwenty/Projects/Eclipse/buganalyzer/target/neo4j-db-Calculator/neostore.propertystore.db.strings] brickCount=0 brickSize=275712b mappedMem=275775488b (storeSize=128b)
2013-04-28 18:13:53.571+0000: [/home/itwenty/Projects/Eclipse/buganalyzer/target/neo4j-db-Calculator/neostore.propertystore.db.index.keys] brickCount=0 brickSize=1026b mappedMem=1048576b (storeSize=38b)
2013-04-28 18:13:53.571+0000: [/home/itwenty/Projects/Eclipse/buganalyzer/target/neo4j-db-Calculator/neostore.propertystore.db.index] brickCount=0 brickSize=10485b mappedMem=1048576b (storeSize=0b)
2013-04-28 18:13:53.571+0000: [/home/itwenty/Projects/Eclipse/buganalyzer/target/neo4j-db-Calculator/neostore.propertystore.db.arrays] brickCount=0 brickSize=312448b mappedMem=312475648b (storeSize=128b)
2013-04-28 18:13:53.572+0000: [/home/itwenty/Projects/Eclipse/buganalyzer/target/neo4j-db-Calculator/neostore.propertystore.db] brickCount=0 brickSize=3240066b mappedMem=324009984b (storeSize=0b)
2013-04-28 18:13:53.572+0000: [/home/itwenty/Projects/Eclipse/buganalyzer/target/neo4j-db-Calculator/neostore.relationshipstore.db] brickCount=0 brickSize=3963597b mappedMem=396361728b (storeSize=0b)
2013-04-28 18:13:53.573+0000: [/home/itwenty/Projects/Eclipse/buganalyzer/target/neo4j-db-Calculator/neostore.nodestore.db] brickCount=0 brickSize=89127b mappedMem=89128960b (storeSize=9b)
2013-04-28 18:13:53.573+0000: [/home/itwenty/Projects/Eclipse/buganalyzer/target/neo4j-db-Calculator/neostore] brickCount=0 brickSize=0b mappedMem=0b (storeSize=54b)
2013-04-28 18:13:53.587+0000: Opened logical log [/home/itwenty/Projects/Eclipse/buganalyzer/target/neo4j-db-Calculator/nioneo_logical.log.1] version=0, lastTxId=1 (clean)
2013-04-28 18:13:53.643+0000: TM new log: tm_tx_log.1
2013-04-28 18:13:53.699+0000: Opened logical log [/home/itwenty/Projects/Eclipse/buganalyzer/target/neo4j-db-Calculator/index/lucene.log.1] version=0, lastTxId=1 (clean)
2013-04-28 18:13:53.748+0000: --- STARTUP diagnostics START ---
2013-04-28 18:13:53.750+0000: Neo4j Kernel properties:
    forced_kernel_id=
    read_only=false
    neo4j.ext.udc.host=udc.neo4j.org
    logical_log=nioneo_logical.log
    node_auto_indexing=false
    intercept_committing_transactions=false
    remote_shell_name=shell
    cache_type=soft
    intercept_deserialized_transactions=false
    lucene_searcher_cache_size=2147483647
    neo4j.ext.udc.interval=86400000
    use_memory_mapped_buffers=true
    rebuild_idgenerators_fast=true
    neostore.propertystore.db.index.keys.mapped_memory=1M
    neostore.propertystore.db.arrays.mapped_memory=298M
    neostore.propertystore.db.strings.mapped_memory=263M
    log_mapped_memory_stats_filename=mapped_memory_stats.log
    log_mapped_memory_stats_interval=1000000
    gcr_cache_min_log_interval=60s
    relationship_grab_size=100
    relationship_auto_indexing=false
    remote_shell_read_only=false
    node_cache_array_fraction=1.0
    allow_store_upgrade=false
    execution_guard_enabled=false
    relationship_cache_array_fraction=1.0
    remote_logging_host=127.0.0.1
    store_dir=target/neo4j-db-Calculator
    online_backup_enabled=false
    remote_logging_port=4560
    gc_monitor_threshold=200ms
    array_block_size=120
    load_kernel_extensions=true
    neostore.relationshipstore.db.mapped_memory=378M
    keep_logical_logs=true
    dump_configuration=false
    gc_monitor_wait_time=100ms
    neostore.nodestore.db.mapped_memory=85M
    neo4j.ext.udc.first_delay=600000
    remote_shell_enabled=false
    neo4j.ext.udc.reg=unreg
    remote_shell_port=1337
    log_mapped_memory_stats=false
    neo_store=neostore
    mapped_memory_page_size=1M
    query_cache_size=100
    logging.threshold_for_rotation=104857600
    neostore.propertystore.db.index.mapped_memory=1M
    backup_slave=false
    neostore.propertystore.db.mapped_memory=309M
    string_block_size=120
    grab_file_lock=true
    remote_logging_enabled=false
    neo4j.ext.udc.enabled=true
    all_stores_total_mapped_memory_size=500M
    online_backup_port=6362
2013-04-28 18:13:53.755+0000: Diagnostics providers:
    org.neo4j.kernel.configuration.Config
    org.neo4j.kernel.info.DiagnosticsManager
    SYSTEM_MEMORY
    JAVA_MEMORY
    OPERATING_SYSTEM
    JAVA_VIRTUAL_MACHINE
    CLASSPATH
    LIBRARY_PATH
    SYSTEM_PROPERTIES
    LINUX_SCHEDULERS
    NETWORK
2013-04-28 18:13:53.756+0000: System memory information:
    Total Physical memory: 3.73 GB
    Free Physical memory: 1.79 GB
    Committed virtual memory: 2.73 GB
    Total swap space: 0.00 B
    Free swap space: 0.00 B
2013-04-28 18:13:53.761+0000: JVM memory information:
    Free  memory: 35.81 MB
    Total memory: 57.31 MB
    Max   memory: 849.81 MB
    Garbage Collector: PS Scavenge: [PS Eden Space, PS Survivor Space]
    Garbage Collector: PS MarkSweep: [PS Eden Space, PS Survivor Space, PS Old Gen, PS Perm Gen]
    Memory Pool: Code Cache (Non-heap memory): committed=2.44 MB, used=694.06 kB, max=48.00 MB, threshold=0.00 B
    Memory Pool: PS Eden Space (Heap memory): committed=15.00 MB, used=13.59 MB, max=313.75 MB, threshold=?
    Memory Pool: PS Survivor Space (Heap memory): committed=2.44 MB, used=2.43 MB, max=2.44 MB, threshold=?
    Memory Pool: PS Old Gen (Heap memory): committed=39.88 MB, used=5.48 MB, max=637.38 MB, threshold=0.00 B
    Memory Pool: PS Perm Gen (Non-heap memory): committed=20.75 MB, used=18.19 MB, max=166.00 MB, threshold=0.00 B
2013-04-28 18:13:53.766+0000: Operating system information:
    Operating System: Linux; version: 3.8.8-2-ARCH; arch: amd64; cpus: 4
    Max number of file descriptors: 4096
    Number of open file descriptors: 58
    Process id: 4096@leviathan-lin
    Byte order: LITTLE_ENDIAN
    Local timezone: UTC
2013-04-28 18:13:53.767+0000: JVM information:
    VM Name: OpenJDK 64-Bit Server VM
    VM Vendor: Oracle Corporation
    VM Version: 23.7-b01
    JIT compiler: HotSpot 64-Bit Tiered Compilers
    VM Arguments: [-Dfile.encoding=UTF-8]
2013-04-28 18:13:53.768+0000: Java classpath:
     [bootstrap] /usr/lib/jvm/java-7-openjdk/jre/lib/resources.jar
     [classpath + loader.0] file:/home/itwenty/Projects/neo4j-community-1.8.1/lib/neo4j-lucene-index-1.8.1.jar
     [classpath + loader.0] file:/home/itwenty/Downloads/neo4j-plugin/org-gephi-neo4j.jar
     [classpath + loader.0] file:/home/itwenty/Downloads/neo4j-plugin/org-gephi-neo4j-plugin.jar
     [bootstrap] /usr/lib/jvm/java-7-openjdk/jre/lib/plugin.jar
     [classpath + loader.0] file:/home/itwenty/Projects/neo4j-community-1.8.1/lib/neo4j-cypher-1.8.1.jar
     [classpath + loader.0] file:/home/itwenty/Projects/neo4j-community-1.8.1/lib/scala-library-2.9.1-1.jar
     [bootstrap] /usr/lib/jvm/java-7-openjdk/jre/lib/charsets.jar
     [loader.1] file:/usr/lib/jvm/java-7-openjdk/jre/lib/ext/zipfs.jar
     [classpath + loader.0] file:/home/itwenty/Downloads/gephi-toolkit-0.8.7-all/gephi-toolkit.jar
     [loader.1] file:/usr/lib/jvm/java-7-openjdk/jre/lib/ext/sunpkcs11.jar
     [classpath + loader.0] file:/home/itwenty/Projects/neo4j-community-1.8.1/lib/neo4j-jmx-1.8.1.jar
     [bootstrap] /usr/lib/jvm/java-7-openjdk/jre/lib/rt.jar
     [bootstrap] /usr/lib/jvm/java-7-openjdk/jre/classes
     [classpath + loader.0] file:/home/itwenty/Projects/neo4j-community-1.8.1/lib/neo4j-udc-1.8.1.jar
     [classpath + loader.0] file:/home/itwenty/Projects/neo4j-community-1.8.1/lib/org.apache.servicemix.bundles.jline-0.9.94_1.jar
     [bootstrap] /usr/lib/jvm/java-7-openjdk/jre/lib/jsse.jar
     [classpath + loader.0] file:/home/itwenty/Projects/neo4j-community-1.8.1/lib/neo4j-management-1.8.1.jar
     [classpath + loader.0] file:/home/itwenty/Projects/Eclipse/Calculator/src/
     [classpath + loader.0] file:/home/itwenty/Projects/neo4j-community-1.8.1/lib/neo4j-shell-1.8.1.jar
     [bootstrap] /usr/lib/jvm/java-7-openjdk/jre/lib/sunrsasign.jar
     [classpath + loader.0] file:/home/itwenty/Projects/neo4j-community-1.8.1/lib/neo4j-kernel-1.8.1.jar
     [loader.1] file:/usr/lib/jvm/java-7-openjdk/jre/lib/ext/dnsns.jar
     [bootstrap] /usr/lib/jvm/java-7-openjdk/jre/lib/jce.jar
     [classpath + loader.0] file:/home/itwenty/Downloads/neo4j-plugin/org-gephi-desktop-neo4j.jar
     [classpath + loader.0] file:/home/itwenty/Projects/neo4j-community-1.8.1/lib/neo4j-graph-algo-1.8.1.jar
     [classpath + loader.0] file:/home/itwenty/Projects/neo4j-community-1.8.1/lib/geronimo-jta_1.1_spec-1.1.1.jar
     [loader.1] file:/usr/lib/jvm/java-7-openjdk/jre/lib/ext/sunjce_provider.jar
     [loader.1] file:/usr/lib/jvm/java-7-openjdk/jre/lib/ext/pulse-java.jar
     [loader.1] file:/usr/lib/jvm/java-7-openjdk/jre/lib/ext/localedata.jar
     [classpath + loader.0] file:/home/itwenty/Projects/neo4j-community-1.8.1/lib/neo4j-graph-matching-1.8.1.jar
     [bootstrap] /usr/lib/jvm/java-7-openjdk/jre/lib/jfr.jar
     [bootstrap] /usr/lib/jvm/java-7-openjdk/jre/lib/netx.jar
     [classpath + loader.0] file:/home/itwenty/Projects/neo4j-community-1.8.1/lib/lucene-core-3.5.0.jar
     [bootstrap] /usr/lib/jvm/java-7-openjdk/jre/lib/rhino.jar
     [classpath + loader.0] file:/home/itwenty/Projects/Eclipse/buganalyzer/bin/
     [classpath + loader.0] file:/home/itwenty/Projects/neo4j-community-1.8.1/lib/server-api-1.8.1.jar
     [classpath + loader.0] file:/home/itwenty/Downloads/neo4j-plugin/org-gephi-lib-neo4j.jar
2013-04-28 18:13:53.771+0000: Library path:
    /usr/java/packages/lib/amd64
    /usr/lib
    /usr/lib
    /usr/lib
    /usr/lib
2013-04-28 18:13:53.771+0000: System.properties:
    sun.boot.library.path = /usr/lib/jvm/java-7-openjdk/jre/lib/amd64
    path.separator = :
    file.encoding.pkg = sun.io
    user.country = US
    sun.java.launcher = SUN_STANDARD
    sun.os.patch.level = unknown
    user.dir = /home/itwenty/Projects/Eclipse/buganalyzer
    sun.jnu.encoding = UTF-8
    sun.awt.enableExtraMouseButtons = true
    sun.management.compiler = HotSpot 64-Bit Tiered Compilers
    user.home = /home/itwenty
    user.timezone = UTC
    file.encoding = UTF-8
    user.name = itwenty
    sun.java.command = org.j2t.buganalyzer.app.App
    sun.arch.data.model = 64
    user.language = en
    awt.toolkit = sun.awt.X11.XToolkit
    file.separator = /
    sun.font.fontmanager = sun.awt.X11FontManager
    sun.io.unicode.encoding = UnicodeLittle
    sun.cpu.endian = little
    sun.cpu.isalist = 
2013-04-28 18:13:53.771+0000: Linux scheduler information:
    noop deadline [cfq] 
    noop deadline [cfq] 
    none
    none
    none
    none
    none
    none
    none
    none
2013-04-28 18:13:53.773+0000: Network information:
    Interface wlan0:
        address: 192.168.1.100
    Interface lo:
        address: 127.0.0.1
2013-04-28 18:13:53.775+0000: --- STARTUP diagnostics END ---
2013-04-28 18:13:53.779+0000: Recovery completed, all transactions have been resolved to a consistent state.
2013-04-28 18:13:53.926+0000: Extension org.neo4j.kernel.KernelExtension[kernel jmx] loaded ok
2013-04-28 18:13:53.931+0000: Extension org.neo4j.kernel.KernelExtension[kernel udc] loaded ok
2013-04-28 18:13:53.932+0000: Extension org.neo4j.kernel.KernelExtension[shell] loaded ok
2013-04-28 18:13:53.935+0000: --- STARTUP diagnostics for KernelDiagnostics:Versions START ---
2013-04-28 18:13:53.935+0000: Graph Database: org.neo4j.kernel.EmbeddedGraphDatabase StoreId[time:1367172831581, id:8563507490450036604, store version: 13561656364791302]
2013-04-28 18:13:53.935+0000: Kernel version: Neo4j - Graph Database Kernel 1.8.1
2013-04-28 18:13:53.935+0000: Neo4j component versions:
2013-04-28 18:13:53.936+0000:   Neo4j - Graph Database Kernel 1.8.1
2013-04-28 18:13:53.936+0000: --- STARTUP diagnostics for KernelDiagnostics:Versions END ---
2013-04-28 18:13:53.939+0000: --- STARTUP diagnostics for NEO_STORE_VERSIONS START ---
2013-04-28 18:13:53.940+0000: Store versions:
    Store versions:
      NeoStore v0.A.0
      NodeStore v0.A.0
      RelationshipStore v0.A.0
      RelationshipTypeStore v0.A.0
      PropertyStore v0.A.0
      PropertyIndexStore v0.A.0
      StringPropertyStore v0.A.0
      ArrayPropertyStore v0.A.0
2013-04-28 18:13:53.940+0000: --- STARTUP diagnostics for NEO_STORE_VERSIONS END ---
2013-04-28 18:13:53.940+0000: --- STARTUP diagnostics for NEO_STORE_ID_USAGE START ---
2013-04-28 18:13:53.940+0000: Id usage:
    Id usage:
      NodeStore: used=1 high=0
      RelationshipStore: used=0 high=-1
      RelationshipTypeStore: used=0 high=-1
      PropertyStore: used=0 high=-1
      PropertyIndexStore: used=0 high=-1
      StringPropertyStore: used=1 high=0
      ArrayPropertyStore: used=1 high=0
2013-04-28 18:13:53.941+0000: --- STARTUP diagnostics for NEO_STORE_ID_USAGE END ---
2013-04-28 18:13:53.941+0000: --- STARTUP diagnostics for PERSISTENCE_WINDOW_POOL_STATS START ---
2013-04-28 18:13:53.941+0000: --- STARTUP diagnostics for PERSISTENCE_WINDOW_POOL_STATS END ---
2013-04-28 18:13:53.941+0000: --- STARTUP diagnostics for KernelDiagnostics:StoreFiles START ---
2013-04-28 18:13:53.941+0000: Disk space on partition (Total / Free / Free %): 233837043712 / 22982209536 / 90
Storage files: (filename : modification date - size)
      neostore.propertystore.db.arrays: 2013-04-28T18:13:53+0000 - 128.00 B
      neostore.propertystore.db.arrays.id: 2013-04-28T18:13:53+0000 - 9.00 B
      index:
        lucene-store.db: 2013-04-28T18:13:53+0000 - 40.00 B
        lucene.log.1: 2013-04-28T18:13:53+0000 - 16.00 B
        lucene.log.active: 2013-04-28T18:13:53+0000 - 4.00 B
      - Total: 2013-04-28T18:13:53+0000 - 60.00 B
      neostore.relationshiptypestore.db: 2013-04-28T18:13:53+0000 - 0.00 B
      neostore.propertystore.db: 2013-04-28T18:13:53+0000 - 0.00 B
      neostore.propertystore.db.index.keys.id: 2013-04-28T18:13:53+0000 - 9.00 B
      active_tx_log: 2013-04-28T18:13:53+0000 - 11.00 B
      neostore.id: 2013-04-28T18:13:53+0000 - 9.00 B
      neostore.relationshiptypestore.db.names: 2013-04-28T18:13:53+0000 - 38.00 B
      nioneo_logical.log.1: 2013-04-28T18:13:53+0000 - 16.00 B
      neostore.propertystore.db.id: 2013-04-28T18:13:53+0000 - 9.00 B
      neostore: 2013-04-28T18:13:53+0000 - 54.00 B
      lock: 2013-04-28T18:13:53+0000 - 0.00 B
      neostore.nodestore.db: 2013-04-28T18:13:53+0000 - 9.00 B
      neostore.propertystore.db.strings: 2013-04-28T18:13:53+0000 - 128.00 B
      neostore.relationshipstore.db: 2013-04-28T18:13:53+0000 - 0.00 B
      neostore.propertystore.db.strings.id: 2013-04-28T18:13:53+0000 - 9.00 B
      nioneo_logical.log.active: 2013-04-28T18:13:53+0000 - 4.00 B
      neostore.relationshiptypestore.db.names.id: 2013-04-28T18:13:53+0000 - 9.00 B
      messages.log: 2013-04-28T18:13:53+0000 - 17.57 kB
      neostore.relationshipstore.db.id: 2013-04-28T18:13:53+0000 - 9.00 B
      neostore.propertystore.db.index.id: 2013-04-28T18:13:53+0000 - 9.00 B
      neostore.propertystore.db.index.keys: 2013-04-28T18:13:53+0000 - 38.00 B
      tm_tx_log.1: 2013-04-28T18:13:53+0000 - 0.00 B
      neostore.nodestore.db.id: 2013-04-28T18:13:53+0000 - 9.00 B
      neostore.relationshiptypestore.db.id: 2013-04-28T18:13:53+0000 - 9.00 B
      neostore.propertystore.db.index: 2013-04-28T18:13:53+0000 - 0.00 B
2013-04-28 18:13:53.948+0000: --- STARTUP diagnostics for KernelDiagnostics:StoreFiles END ---
2013-04-28 18:13:53.950+0000: Started - database is now available
2013-04-28 18:13:53.950+0000: GC Monitor started. 
2013-04-28 18:14:54.252+0000: Stopping - database is now unavailable
2013-04-28 18:14:54.319+0000: TM shutting down
2013-04-28 18:14:54.325+0000: GC Monitor stopped. 
2013-04-28 18:14:54.336+0000: Closed log /home/itwenty/Projects/Eclipse/buganalyzer/target/neo4j-db-Calculator/index/lucene.log
2013-04-28 18:14:54.414+0000: Closed log /home/itwenty/Projects/Eclipse/buganalyzer/target/neo4j-db-Calculator/nioneo_logical.log
2013-04-28 18:14:54.415+0000: /home/itwenty/Projects/Eclipse/buganalyzer/target/neo4j-db-Calculator/neostore.relationshiptypestore.db.names hit=0 miss=0 switches=0 ooe=0
2013-04-28 18:14:54.486+0000: /home/itwenty/Projects/Eclipse/buganalyzer/target/neo4j-db-Calculator/neostore.relationshiptypestore.db hit=0 miss=0 switches=0 ooe=0
2013-04-28 18:14:54.587+0000: /home/itwenty/Projects/Eclipse/buganalyzer/target/neo4j-db-Calculator/neostore.propertystore.db.strings hit=0 miss=0 switches=0 ooe=0
2013-04-28 18:14:54.720+0000: /home/itwenty/Projects/Eclipse/buganalyzer/target/neo4j-db-Calculator/neostore.propertystore.db.index.keys hit=1 miss=0 switches=0 ooe=0
2013-04-28 18:14:54.824+0000: /home/itwenty/Projects/Eclipse/buganalyzer/target/neo4j-db-Calculator/neostore.propertystore.db.index hit=1 miss=0 switches=0 ooe=0
2013-04-28 18:14:54.933+0000: /home/itwenty/Projects/Eclipse/buganalyzer/target/neo4j-db-Calculator/neostore.propertystore.db.arrays hit=0 miss=0 switches=0 ooe=0
2013-04-28 18:14:55.045+0000: /home/itwenty/Projects/Eclipse/buganalyzer/target/neo4j-db-Calculator/neostore.propertystore.db hit=1 miss=0 switches=0 ooe=0
2013-04-28 18:14:55.156+0000: /home/itwenty/Projects/Eclipse/buganalyzer/target/neo4j-db-Calculator/neostore.relationshipstore.db hit=0 miss=0 switches=0 ooe=0
2013-04-28 18:14:55.280+0000: /home/itwenty/Projects/Eclipse/buganalyzer/target/neo4j-db-Calculator/neostore.nodestore.db hit=1 miss=0 switches=0 ooe=0
2013-04-28 18:14:55.424+0000: /home/itwenty/Projects/Eclipse/buganalyzer/target/neo4j-db-Calculator/neostore hit=0 miss=17 switches=0 ooe=0
2013-04-28 18:14:55.546+0000: NeoStore closed
2013-04-28 18:14:55.546+0000: --- SHUTDOWN diagnostics START ---
2013-04-28 18:14:55.547+0000: --- SHUTDOWN diagnostics END ---
2013-04-28 21:38:06.724+0000: WARNING! Deprecated configuration options used. See manual for details
2013-04-28 21:38:06.724+0000: cannot configure writers and searchers individually since they go together
2013-04-28 21:38:06.724+0000: WARNING! You are using an unsupported Java runtime. Please use JDK 6.
2013-04-28 21:38:06.755+0000: [/home/itwenty/Projects/Eclipse/buganalyzer/target/neo4j-db-Calculator/neostore.relationshiptypestore.db.names] brickCount=0 brickSize=0b mappedMem=0b (storeSize=38b)
2013-04-28 21:38:06.768+0000: [/home/itwenty/Projects/Eclipse/buganalyzer/target/neo4j-db-Calculator/neostore.relationshiptypestore.db] brickCount=0 brickSize=0b mappedMem=0b (storeSize=0b)
2013-04-28 21:38:06.769+0000: [/home/itwenty/Projects/Eclipse/buganalyzer/target/neo4j-db-Calculator/neostore.propertystore.db.strings] brickCount=0 brickSize=275712b mappedMem=275775488b (storeSize=128b)
2013-04-28 21:38:06.784+0000: [/home/itwenty/Projects/Eclipse/buganalyzer/target/neo4j-db-Calculator/neostore.propertystore.db.index.keys] brickCount=0 brickSize=1026b mappedMem=1048576b (storeSize=76b)
2013-04-28 21:38:06.785+0000: [/home/itwenty/Projects/Eclipse/buganalyzer/target/neo4j-db-Calculator/neostore.propertystore.db.index] brickCount=0 brickSize=1044b mappedMem=1048576b (storeSize=9b)
2013-04-28 21:38:06.787+0000: [/home/itwenty/Projects/Eclipse/buganalyzer/target/neo4j-db-Calculator/neostore.propertystore.db.arrays] brickCount=0 brickSize=312448b mappedMem=312475648b (storeSize=128b)
2013-04-28 21:38:06.796+0000: [/home/itwenty/Projects/Eclipse/buganalyzer/target/neo4j-db-Calculator/neostore.propertystore.db] brickCount=0 brickSize=323982b mappedMem=324009984b (storeSize=41b)
2013-04-28 21:38:06.798+0000: [/home/itwenty/Projects/Eclipse/buganalyzer/target/neo4j-db-Calculator/neostore.relationshipstore.db] brickCount=0 brickSize=3963597b mappedMem=396361728b (storeSize=0b)
2013-04-28 21:38:06.810+0000: [/home/itwenty/Projects/Eclipse/buganalyzer/target/neo4j-db-Calculator/neostore.nodestore.db] brickCount=0 brickSize=89127b mappedMem=89128960b (storeSize=18b)
2013-04-28 21:38:06.811+0000: [/home/itwenty/Projects/Eclipse/buganalyzer/target/neo4j-db-Calculator/neostore] brickCount=0 brickSize=0b mappedMem=0b (storeSize=54b)
2013-04-28 21:38:06.812+0000: Opened logical log [/home/itwenty/Projects/Eclipse/buganalyzer/target/neo4j-db-Calculator/nioneo_logical.log.1] version=1, lastTxId=2 (clean)
2013-04-28 21:38:06.850+0000: TM opening log: /home/itwenty/Projects/Eclipse/buganalyzer/target/neo4j-db-Calculator/tm_tx_log.1
2013-04-28 21:38:06.852+0000: Opened logical log [/home/itwenty/Projects/Eclipse/buganalyzer/target/neo4j-db-Calculator/index/lucene.log.1] version=1, lastTxId=1 (clean)
2013-04-28 21:38:06.894+0000: --- STARTUP diagnostics START ---
2013-04-28 21:38:06.894+0000: Neo4j Kernel properties:
    forced_kernel_id=
    read_only=false
    neo4j.ext.udc.host=udc.neo4j.org
    logical_log=nioneo_logical.log
    node_auto_indexing=false
    intercept_committing_transactions=false
    remote_shell_name=shell
    cache_type=soft
    intercept_deserialized_transactions=false
    lucene_searcher_cache_size=2147483647
    neo4j.ext.udc.interval=86400000
    use_memory_mapped_buffers=true
    rebuild_idgenerators_fast=true
    neostore.propertystore.db.index.keys.mapped_memory=1M
    neostore.propertystore.db.arrays.mapped_memory=298M
    neostore.propertystore.db.strings.mapped_memory=263M
    log_mapped_memory_stats_filename=mapped_memory_stats.log
    log_mapped_memory_stats_interval=1000000
    gcr_cache_min_log_interval=60s
    relationship_grab_size=100
    relationship_auto_indexing=false
    remote_shell_read_only=false
    node_cache_array_fraction=1.0
    allow_store_upgrade=false
    execution_guard_enabled=false
    relationship_cache_array_fraction=1.0
    remote_logging_host=127.0.0.1
    store_dir=target/neo4j-db-Calculator
    online_backup_enabled=false
    remote_logging_port=4560
    gc_monitor_threshold=200ms
    array_block_size=120
    load_kernel_extensions=true
    neostore.relationshipstore.db.mapped_memory=378M
    keep_logical_logs=true
    dump_configuration=false
    gc_monitor_wait_time=100ms
    neostore.nodestore.db.mapped_memory=85M
    neo4j.ext.udc.first_delay=600000
    remote_shell_enabled=false
    neo4j.ext.udc.reg=unreg
    remote_shell_port=1337
    log_mapped_memory_stats=false
    neo_store=neostore
    mapped_memory_page_size=1M
    query_cache_size=100
    logging.threshold_for_rotation=104857600
    neostore.propertystore.db.index.mapped_memory=1M
    backup_slave=false
    neostore.propertystore.db.mapped_memory=309M
    string_block_size=120
    grab_file_lock=true
    remote_logging_enabled=false
    neo4j.ext.udc.enabled=true
    all_stores_total_mapped_memory_size=500M
    online_backup_port=6362
2013-04-28 21:38:06.895+0000: Diagnostics providers:
    org.neo4j.kernel.configuration.Config
    org.neo4j.kernel.info.DiagnosticsManager
    SYSTEM_MEMORY
    JAVA_MEMORY
    OPERATING_SYSTEM
    JAVA_VIRTUAL_MACHINE
    CLASSPATH
    LIBRARY_PATH
    SYSTEM_PROPERTIES
    LINUX_SCHEDULERS
    NETWORK
2013-04-28 21:38:06.896+0000: System memory information:
    Total Physical memory: 3.73 GB
    Free Physical memory: 1.08 GB
    Committed virtual memory: 3.44 GB
    Total swap space: 0.00 B
    Free swap space: 0.00 B
2013-04-28 21:38:06.898+0000: JVM memory information:
    Free  memory: 30.09 MB
    Total memory: 57.00 MB
    Max   memory: 849.81 MB
    Garbage Collector: PS Scavenge: [PS Eden Space, PS Survivor Space]
    Garbage Collector: PS MarkSweep: [PS Eden Space, PS Survivor Space, PS Old Gen, PS Perm Gen]
    Memory Pool: Code Cache (Non-heap memory): committed=2.44 MB, used=1.06 MB, max=48.00 MB, threshold=0.00 B
    Memory Pool: PS Eden Space (Heap memory): committed=14.69 MB, used=12.85 MB, max=310.88 MB, threshold=?
    Memory Pool: PS Survivor Space (Heap memory): committed=2.44 MB, used=2.44 MB, max=2.44 MB, threshold=?
    Memory Pool: PS Old Gen (Heap memory): committed=39.88 MB, used=11.63 MB, max=637.38 MB, threshold=0.00 B
    Memory Pool: PS Perm Gen (Non-heap memory): committed=25.06 MB, used=25.03 MB, max=166.00 MB, threshold=0.00 B
2013-04-28 21:38:06.903+0000: Operating system information:
    Operating System: Linux; version: 3.8.8-2-ARCH; arch: amd64; cpus: 4
    Max number of file descriptors: 4096
    Number of open file descriptors: 115
    Process id: 2638@leviathan-lin
    Byte order: LITTLE_ENDIAN
    Local timezone: UTC
2013-04-28 21:38:06.904+0000: JVM information:
    VM Name: OpenJDK 64-Bit Server VM
    VM Vendor: Oracle Corporation
    VM Version: 23.7-b01
    JIT compiler: HotSpot 64-Bit Tiered Compilers
    VM Arguments: [-Dfile.encoding=UTF-8]
2013-04-28 21:38:06.904+0000: Java classpath:
     [bootstrap] /usr/lib/jvm/java-7-openjdk/jre/lib/resources.jar
     [classpath + loader.0] file:/home/itwenty/Projects/neo4j-community-1.8.1/lib/neo4j-lucene-index-1.8.1.jar
     [classpath + loader.0] file:/home/itwenty/Downloads/neo4j-plugin/org-gephi-neo4j.jar
     [classpath + loader.0] file:/home/itwenty/Downloads/neo4j-plugin/org-gephi-neo4j-plugin.jar
     [bootstrap] /usr/lib/jvm/java-7-openjdk/jre/lib/plugin.jar
     [classpath + loader.0] file:/home/itwenty/Projects/neo4j-community-1.8.1/lib/neo4j-cypher-1.8.1.jar
     [classpath + loader.0] file:/home/itwenty/Projects/neo4j-community-1.8.1/lib/scala-library-2.9.1-1.jar
     [bootstrap] /usr/lib/jvm/java-7-openjdk/jre/lib/charsets.jar
     [loader.1] file:/usr/lib/jvm/java-7-openjdk/jre/lib/ext/zipfs.jar
     [loader.1] file:/usr/lib/jvm/java-7-openjdk/jre/lib/ext/sunpkcs11.jar
     [classpath + loader.0] file:/home/itwenty/Downloads/gephi-toolkit-0.8.1-all/gephi-toolkit.jar
     [classpath + loader.0] file:/home/itwenty/Projects/neo4j-community-1.8.1/lib/neo4j-jmx-1.8.1.jar
     [bootstrap] /usr/lib/jvm/java-7-openjdk/jre/lib/rt.jar
     [bootstrap] /usr/lib/jvm/java-7-openjdk/jre/classes
     [classpath + loader.0] file:/home/itwenty/Projects/neo4j-community-1.8.1/lib/neo4j-udc-1.8.1.jar
     [classpath + loader.0] file:/home/itwenty/Projects/neo4j-community-1.8.1/lib/org.apache.servicemix.bundles.jline-0.9.94_1.jar
     [bootstrap] /usr/lib/jvm/java-7-openjdk/jre/lib/jsse.jar
     [classpath + loader.0] file:/home/itwenty/Projects/neo4j-community-1.8.1/lib/neo4j-management-1.8.1.jar
     [classpath + loader.0] file:/home/itwenty/Projects/Eclipse/Calculator/src/
     [classpath + loader.0] file:/home/itwenty/Projects/neo4j-community-1.8.1/lib/neo4j-shell-1.8.1.jar
     [bootstrap] /usr/lib/jvm/java-7-openjdk/jre/lib/sunrsasign.jar
     [classpath + loader.0] file:/home/itwenty/Projects/neo4j-community-1.8.1/lib/neo4j-kernel-1.8.1.jar
     [loader.1] file:/usr/lib/jvm/java-7-openjdk/jre/lib/ext/dnsns.jar
     [bootstrap] /usr/lib/jvm/java-7-openjdk/jre/lib/jce.jar
     [classpath + loader.0] file:/home/itwenty/Downloads/neo4j-plugin/org-gephi-desktop-neo4j.jar
     [classpath + loader.0] file:/home/itwenty/Projects/neo4j-community-1.8.1/lib/neo4j-graph-algo-1.8.1.jar
     [classpath + loader.0] file:/home/itwenty/Projects/neo4j-community-1.8.1/lib/geronimo-jta_1.1_spec-1.1.1.jar
     [loader.1] file:/usr/lib/jvm/java-7-openjdk/jre/lib/ext/sunjce_provider.jar
     [loader.1] file:/usr/lib/jvm/java-7-openjdk/jre/lib/ext/pulse-java.jar
     [loader.1] file:/usr/lib/jvm/java-7-openjdk/jre/lib/ext/localedata.jar
     [classpath + loader.0] file:/home/itwenty/Projects/neo4j-community-1.8.1/lib/neo4j-graph-matching-1.8.1.jar
     [bootstrap] /usr/lib/jvm/java-7-openjdk/jre/lib/jfr.jar
     [bootstrap] /usr/lib/jvm/java-7-openjdk/jre/lib/netx.jar
     [classpath + loader.0] file:/home/itwenty/Projects/neo4j-community-1.8.1/lib/lucene-core-3.5.0.jar
     [bootstrap] /usr/lib/jvm/java-7-openjdk/jre/lib/rhino.jar
     [classpath + loader.0] file:/home/itwenty/Projects/Eclipse/buganalyzer/bin/
     [classpath + loader.0] file:/home/itwenty/Projects/neo4j-community-1.8.1/lib/server-api-1.8.1.jar
     [classpath + loader.0] file:/home/itwenty/Downloads/neo4j-plugin/org-gephi-lib-neo4j.jar
2013-04-28 21:38:06.908+0000: Library path:
    /usr/java/packages/lib/amd64
    /usr/lib
    /usr/lib
    /usr/lib
    /usr/lib
2013-04-28 21:38:06.908+0000: System.properties:
    sun.boot.library.path = /usr/lib/jvm/java-7-openjdk/jre/lib/amd64
    path.separator = :
    file.encoding.pkg = sun.io
    user.country = US
    sun.java.launcher = SUN_STANDARD
    sun.os.patch.level = unknown
    user.dir = /home/itwenty/Projects/Eclipse/buganalyzer
    sun.jnu.encoding = UTF-8
    sun.awt.enableExtraMouseButtons = true
    sun.management.compiler = HotSpot 64-Bit Tiered Compilers
    user.home = /home/itwenty
    user.timezone = UTC
    file.encoding = UTF-8
    user.name = itwenty
    sun.java.command = org.j2t.buganalyzer.app.App
    sun.arch.data.model = 64
    user.language = en
    awt.toolkit = sun.awt.X11.XToolkit
    file.separator = /
    sun.font.fontmanager = sun.awt.X11FontManager
    sun.io.unicode.encoding = UnicodeLittle
    sun.cpu.endian = little
    sun.cpu.isalist = 
2013-04-28 21:38:06.909+0000: Linux scheduler information:
    noop deadline [cfq] 
    noop deadline [cfq] 
    noop deadline [cfq] 
    none
    none
    none
    none
    none
    none
    none
    none
2013-04-28 21:38:06.911+0000: Network information:
    Interface wlan0:
        address: 192.168.1.100
    Interface lo:
        address: 127.0.0.1
2013-04-28 21:38:06.912+0000: --- STARTUP diagnostics END ---
2013-04-28 21:38:06.913+0000: Recovery completed, all transactions have been resolved to a consistent state.
2013-04-28 21:38:06.927+0000: Extension org.neo4j.kernel.KernelExtension[kernel jmx] loaded ok
2013-04-28 21:38:06.928+0000: Extension org.neo4j.kernel.KernelExtension[kernel udc] loaded ok
2013-04-28 21:38:06.928+0000: Extension org.neo4j.kernel.KernelExtension[shell] loaded ok
2013-04-28 21:38:06.928+0000: --- STARTUP diagnostics for KernelDiagnostics:Versions START ---
2013-04-28 21:38:06.928+0000: Graph Database: org.neo4j.kernel.EmbeddedGraphDatabase StoreId[time:1367172831581, id:8563507490450036604, store version: 13561656364791302]
2013-04-28 21:38:06.929+0000: Kernel version: Neo4j - Graph Database Kernel 1.8.1
2013-04-28 21:38:06.929+0000: Neo4j component versions:
2013-04-28 21:38:06.929+0000:   Neo4j - Graph Database Kernel 1.8.1
2013-04-28 21:38:06.929+0000: --- STARTUP diagnostics for KernelDiagnostics:Versions END ---
2013-04-28 21:38:06.930+0000: --- STARTUP diagnostics for NEO_STORE_VERSIONS START ---
2013-04-28 21:38:06.930+0000: Store versions:
    Store versions:
      NeoStore v0.A.0
      NodeStore v0.A.0
      RelationshipStore v0.A.0
      RelationshipTypeStore v0.A.0
      PropertyStore v0.A.0
      PropertyIndexStore v0.A.0
      StringPropertyStore v0.A.0
      ArrayPropertyStore v0.A.0
2013-04-28 21:38:06.930+0000: --- STARTUP diagnostics for NEO_STORE_VERSIONS END ---
2013-04-28 21:38:06.930+0000: --- STARTUP diagnostics for NEO_STORE_ID_USAGE START ---
2013-04-28 21:38:06.930+0000: Id usage:
    Id usage:
      NodeStore: used=2 high=1
      RelationshipStore: used=0 high=-1
      RelationshipTypeStore: used=0 high=-1
      PropertyStore: used=1 high=0
      PropertyIndexStore: used=1 high=0
      StringPropertyStore: used=1 high=0
      ArrayPropertyStore: used=1 high=0
2013-04-28 21:38:06.931+0000: --- STARTUP diagnostics for NEO_STORE_ID_USAGE END ---
2013-04-28 21:38:06.931+0000: --- STARTUP diagnostics for PERSISTENCE_WINDOW_POOL_STATS START ---
2013-04-28 21:38:06.931+0000: --- STARTUP diagnostics for PERSISTENCE_WINDOW_POOL_STATS END ---
2013-04-28 21:38:06.931+0000: --- STARTUP diagnostics for KernelDiagnostics:StoreFiles START ---
2013-04-28 21:38:06.931+0000: Disk space on partition (Total / Free / Free %): 233837043712 / 22914932736 / 90
Storage files: (filename : modification date - size)
      neostore.propertystore.db.arrays: 2013-04-28T21:38:06+0000 - 128.00 B
      neostore.propertystore.db.arrays.id: 2013-04-28T21:38:06+0000 - 9.00 B
      index:
        lucene-store.db: 2013-04-28T18:14:54+0000 - 40.00 B
        lucene.log.v0: 2013-04-28T18:14:54+0000 - 16.00 B
        lucene.log.1: 2013-04-28T21:38:06+0000 - 16.00 B
        lucene.log.active: 2013-04-28T21:38:06+0000 - 4.00 B
      - Total: 2013-04-28T21:38:06+0000 - 76.00 B
      neostore.relationshiptypestore.db: 2013-04-28T21:38:06+0000 - 0.00 B
      nioneo_logical.log.v0: 2013-04-28T18:14:54+0000 - 256.00 B
      neostore.propertystore.db: 2013-04-28T21:38:06+0000 - 41.00 B
      neostore.propertystore.db.index.keys.id: 2013-04-28T21:38:06+0000 - 9.00 B
      active_tx_log: 2013-04-28T18:13:53+0000 - 11.00 B
      neostore.id: 2013-04-28T21:38:06+0000 - 9.00 B
      neostore.relationshiptypestore.db.names: 2013-04-28T21:38:06+0000 - 38.00 B
      nioneo_logical.log.1: 2013-04-28T21:38:06+0000 - 16.00 B
      neostore.propertystore.db.id: 2013-04-28T21:38:06+0000 - 9.00 B
      neostore: 2013-04-28T21:38:06+0000 - 54.00 B
      lock: 2013-04-28T21:38:06+0000 - 0.00 B
      neostore.nodestore.db: 2013-04-28T21:38:06+0000 - 18.00 B
      neostore.propertystore.db.strings: 2013-04-28T21:38:06+0000 - 128.00 B
      neostore.relationshipstore.db: 2013-04-28T21:38:06+0000 - 0.00 B
      neostore.propertystore.db.strings.id: 2013-04-28T21:38:06+0000 - 9.00 B
      nioneo_logical.log.active: 2013-04-28T21:38:06+0000 - 4.00 B
      neostore.relationshiptypestore.db.names.id: 2013-04-28T21:38:06+0000 - 9.00 B
      messages.log: 2013-04-28T21:38:06+0000 - 35.47 kB
      neostore.relationshipstore.db.id: 2013-04-28T21:38:06+0000 - 9.00 B
      neostore.propertystore.db.index.id: 2013-04-28T21:38:06+0000 - 9.00 B
      neostore.propertystore.db.index.keys: 2013-04-28T21:38:06+0000 - 1.00 kB
      tm_tx_log.1: 2013-04-28T21:38:06+0000 - 0.00 B
      neostore.nodestore.db.id: 2013-04-28T21:38:06+0000 - 9.00 B
      neostore.relationshiptypestore.db.id: 2013-04-28T21:38:06+0000 - 9.00 B
      neostore.propertystore.db.index: 2013-04-28T21:38:06+0000 - 1.02 kB
2013-04-28 21:38:06.939+0000: --- STARTUP diagnostics for KernelDiagnostics:StoreFiles END ---
2013-04-28 21:38:06.939+0000: Started - database is now available
2013-04-28 21:38:06.940+0000: GC Monitor started. 
2013-04-28 21:38:50.749+0000: Stopping - database is now unavailable
2013-04-28 21:38:50.794+0000: GC Monitor stopped. 
2013-04-28 21:38:50.823+0000: TM shutting down
2013-04-28 21:38:50.880+0000: Closed log /home/itwenty/Projects/Eclipse/buganalyzer/target/neo4j-db-Calculator/index/lucene.log
2013-04-28 21:38:51.055+0000: Closed log /home/itwenty/Projects/Eclipse/buganalyzer/target/neo4j-db-Calculator/nioneo_logical.log
2013-04-28 21:38:51.055+0000: /home/itwenty/Projects/Eclipse/buganalyzer/target/neo4j-db-Calculator/neostore.relationshiptypestore.db.names hit=0 miss=0 switches=0 ooe=0
2013-04-28 21:38:51.238+0000: /home/itwenty/Projects/Eclipse/buganalyzer/target/neo4j-db-Calculator/neostore.relationshiptypestore.db hit=0 miss=0 switches=0 ooe=0
2013-04-28 21:38:51.439+0000: /home/itwenty/Projects/Eclipse/buganalyzer/target/neo4j-db-Calculator/neostore.propertystore.db.strings hit=0 miss=0 switches=0 ooe=0
2013-04-28 21:38:51.607+0000: /home/itwenty/Projects/Eclipse/buganalyzer/target/neo4j-db-Calculator/neostore.propertystore.db.index.keys hit=2 miss=0 switches=0 ooe=0
2013-04-28 21:38:51.838+0000: /home/itwenty/Projects/Eclipse/buganalyzer/target/neo4j-db-Calculator/neostore.propertystore.db.index hit=1 miss=0 switches=0 ooe=0
2013-04-28 21:38:52.049+0000: /home/itwenty/Projects/Eclipse/buganalyzer/target/neo4j-db-Calculator/neostore.propertystore.db.arrays hit=0 miss=0 switches=0 ooe=0
2013-04-28 21:38:52.218+0000: /home/itwenty/Projects/Eclipse/buganalyzer/target/neo4j-db-Calculator/neostore.propertystore.db hit=1 miss=0 switches=0 ooe=0
2013-04-28 21:38:52.409+0000: /home/itwenty/Projects/Eclipse/buganalyzer/target/neo4j-db-Calculator/neostore.relationshipstore.db hit=0 miss=0 switches=0 ooe=0
2013-04-28 21:38:52.595+0000: /home/itwenty/Projects/Eclipse/buganalyzer/target/neo4j-db-Calculator/neostore.nodestore.db hit=1 miss=0 switches=0 ooe=0
2013-04-28 21:38:52.814+0000: /home/itwenty/Projects/Eclipse/buganalyzer/target/neo4j-db-Calculator/neostore hit=0 miss=17 switches=0 ooe=0
2013-04-28 21:38:52.984+0000: NeoStore closed
2013-04-28 21:38:52.984+0000: --- SHUTDOWN diagnostics START ---
2013-04-28 21:38:52.985+0000: --- SHUTDOWN diagnostics END ---
